#
# A fatal error has been detected by the Java Runtime Environment:
#
#  Internal Error (os_windows_x86.cpp:114), pid=59028, tid=57756
#  Error: guarantee(result == -1,"Unexpected result from topLevelExceptionFilter")
#
# JRE version: 6.0_17-b04
# Java VM: Java HotSpot(TM) 64-Bit Server VM (14.3-b01 mixed mode windows-amd64 )
# If you would like to submit a bug report, please visit:
#   http://java.sun.com/webapps/bugreport/crash.jsp
# The crash happened outside the Java Virtual Machine in native code.
# See problematic frame for where to report the bug.
#

---------------  T H R E A D  ---------------

Current thread (0x0000000005433800):  JavaThread "main" [_thread_in_native, id=57756, stack(0x0000000000190000,0x0000000004190000)]

Stack: [0x0000000000190000,0x0000000004190000]
[error occurred during error reporting (printing stack bounds), id 0xc0000005]

Java frames: (J=compiled Java code, j=interpreted, Vv=VM code)
J  com.mathworks.jmi.NativeMatlab.SendMatlabMessage(Ljava/lang/Object;)Ljava/lang/Object;
J  com.mathworks.jmi.NativeMatlab.dispatchMTRequests(Z)V
v  ~StubRoutines::call_stub

---------------  P R O C E S S  ---------------

Java Threads: ( => current thread )
  0x000000000f454000 JavaThread "FileDecorationCache request queue" [_thread_blocked, id=63336, stack(0x000000001b8b0000,0x000000001b930000)]
  0x000000000f45f000 JavaThread "Image Fetcher 3" daemon [_thread_blocked, id=63124, stack(0x000000001b830000,0x000000001b8b0000)]
  0x000000000f458000 JavaThread "Timer-1057" [_thread_blocked, id=60772, stack(0x000000001b790000,0x000000001b810000)]
  0x000000000f874800 JavaThread "Code Analyzer updating thread" [_thread_blocked, id=60880, stack(0x000000001d0b0000,0x000000001d130000)]
  0x000000000f877800 JavaThread "pool-6-thread-1" [_thread_blocked, id=60832, stack(0x000000001b3f0000,0x000000001b470000)]
  0x000000000f874000 JavaThread "pool-8-thread-1" [_thread_blocked, id=61104, stack(0x000000001cec0000,0x000000001cf40000)]
  0x000000000f876800 JavaThread "Thread-369" [_thread_blocked, id=57008, stack(0x000000001be40000,0x000000001bec0000)]
  0x000000000f873000 JavaThread "Prefs Updater" daemon [_thread_blocked, id=57332, stack(0x0000000019300000,0x0000000019380000)]
  0x000000000f871000 JavaThread "Code Analyzer updating thread" [_thread_blocked, id=58636, stack(0x000000006d360000,0x000000006d3e0000)]
  0x000000000f462000 JavaThread "Code Analyzer updating thread" [_thread_blocked, id=59232, stack(0x000000006d2c0000,0x000000006d340000)]
  0x000000000f456800 JavaThread "Code Analyzer updating thread" [_thread_blocked, id=58924, stack(0x0000000058fc0000,0x0000000059040000)]
  0x000000000f461000 JavaThread "Code Analyzer updating thread" [_thread_blocked, id=58632, stack(0x000000006ba30000,0x000000006bab0000)]
  0x000000000f460800 JavaThread "Code Analyzer updating thread" [_thread_blocked, id=59204, stack(0x0000000025470000,0x00000000254f0000)]
  0x000000000f460000 JavaThread "Code Analyzer updating thread" [_thread_blocked, id=59364, stack(0x000000006b950000,0x000000006b9d0000)]
  0x000000000f45e800 JavaThread "Code Analyzer updating thread" [_thread_blocked, id=58852, stack(0x000000006b890000,0x000000006b910000)]
  0x000000000f45d800 JavaThread "Code Analyzer updating thread" [_thread_blocked, id=59180, stack(0x0000000068850000,0x00000000688d0000)]
  0x000000000f45c000 JavaThread "Code Analyzer updating thread" [_thread_blocked, id=56608, stack(0x000000006b740000,0x000000006b7c0000)]
  0x000000000f45b800 JavaThread "Code Analyzer updating thread" [_thread_blocked, id=57416, stack(0x00000000613a0000,0x0000000061420000)]
  0x000000000f45a800 JavaThread "Code Analyzer updating thread" [_thread_blocked, id=58556, stack(0x00000000590d0000,0x0000000059150000)]
  0x000000000f45a000 JavaThread "Active Reference Queue Daemon" daemon [_thread_blocked, id=58384, stack(0x0000000035800000,0x0000000035880000)]
  0x000000000f458800 JavaThread "Timer-8" daemon [_thread_blocked, id=58428, stack(0x000000005d250000,0x000000005d2d0000)]
  0x000000000f459800 JavaThread "Timer-7" daemon [_thread_blocked, id=58436, stack(0x000000005d190000,0x000000005d210000)]
  0x000000000f457000 JavaThread "Explorer NavigationContext request queue" [_thread_blocked, id=59132, stack(0x0000000059040000,0x00000000590c0000)]
  0x000000000f455000 JavaThread "AddressBar directory emptiness poller" [_thread_blocked, id=58812, stack(0x0000000054e50000,0x0000000054ed0000)]
  0x000000000f453800 JavaThread "Timer-1" [_thread_blocked, id=56984, stack(0x0000000039910000,0x0000000039990000)]
  0x000000000f453000 JavaThread "TimerQueue" daemon [_thread_blocked, id=58784, stack(0x00000000190e0000,0x0000000019160000)]
  0x000000000f31a000 JavaThread "FelixPackageAdmin" daemon [_thread_blocked, id=50152, stack(0x000000000fe20000,0x000000000fea0000)]
  0x000000000f319800 JavaThread "FelixStartLevel" daemon [_thread_blocked, id=51136, stack(0x0000000010e90000,0x0000000010f10000)]
  0x000000000f2e5800 JavaThread "FelixDispatchQueue" daemon [_thread_blocked, id=50484, stack(0x0000000015010000,0x0000000015090000)]
  0x000000000ef25000 JavaThread "AWT-EventQueue-0" [_thread_blocked, id=58996, stack(0x000000000ff30000,0x000000000ffb0000)]
  0x000000000ef4c800 JavaThread "com.google.common.base.internal.Finalizer" daemon [_thread_blocked, id=58548, stack(0x000000000d290000,0x000000000d310000)]
  0x000000000ef65000 JavaThread "AWT-Windows" daemon [_thread_in_native, id=59312, stack(0x000000000fb00000,0x000000000fb80000)]
  0x000000000ef64800 JavaThread "AWT-Shutdown" [_thread_blocked, id=58248, stack(0x000000000d1e0000,0x000000000d260000)]
  0x000000000ef60000 JavaThread "Java2D Disposer" daemon [_thread_blocked, id=58136, stack(0x000000000d150000,0x000000000d1d0000)]
  0x000000000ec9b000 JavaThread "Timer-0" [_thread_blocked, id=48840, stack(0x000000000c9f0000,0x000000000ca70000)]
  0x000000000eab0800 JavaThread "EventMgr Dispatcher" daemon [_thread_in_native, id=59212, stack(0x0000000010f10000,0x0000000014f10000)]
  0x000000000ddf4000 JavaThread "Low Memory Detector" daemon [_thread_blocked, id=58412, stack(0x000000000cc20000,0x000000000cca0000)]
  0x000000000ddec800 JavaThread "CompilerThread1" daemon [_thread_blocked, id=58372, stack(0x0000000088230000,0x000000008c230000)]
  0x000000000dde5800 JavaThread "CompilerThread0" daemon [_thread_blocked, id=58664, stack(0x0000000084120000,0x0000000088120000)]
  0x000000000dde4800 JavaThread "Attach Listener" daemon [_thread_blocked, id=58508, stack(0x000000000c740000,0x000000000c7c0000)]
  0x000000000dd8c000 JavaThread "Finalizer" daemon [_thread_blocked, id=59348, stack(0x000000000c900000,0x000000000c980000)]
  0x000000000dd86000 JavaThread "Reference Handler" daemon [_thread_blocked, id=59216, stack(0x000000000c820000,0x000000000c8a0000)]
=>0x0000000005433800 JavaThread "main" [_thread_in_native, id=57756, stack(0x0000000000190000,0x0000000004190000)]

Other Threads:
  0x000000000dd82800 VMThread [stack: 0x000000007fff0000,0x0000000083ff0000] [id=58628]
  0x000000000de20000 WatcherThread [stack: 0x000000008c420000,0x0000000090420000] [id=59140]

VM state:not at safepoint (normal execution)

VM Mutex/Monitor currently owned by a thread: None

Heap
 PSYoungGen      total 18304K, used 3327K [0x0000000051d40000, 0x0000000053390000, 0x0000000054e40000)
  eden space 17152K, 18% used [0x0000000051d40000,0x0000000052057cc0,0x0000000052e00000)
  from space 1152K, 13% used [0x0000000052e00000,0x0000000052e28000,0x0000000052f20000)
  to   space 1152K, 0% used [0x0000000053270000,0x0000000053270000,0x0000000053390000)
 PSOldGen        total 141888K, used 134261K [0x0000000048a40000, 0x00000000514d0000, 0x0000000051d40000)
  object space 141888K, 94% used [0x0000000048a40000,0x0000000050d5d440,0x00000000514d0000)
 PSPermGen       total 67840K, used 66129K [0x0000000040a40000, 0x0000000044c80000, 0x0000000048a40000)
  object space 67840K, 97% used [0x0000000040a40000,0x0000000044ad4780,0x0000000044c80000)

Dynamic libraries:
0x000000013f900000 - 0x000000013f932000 	C:\Program Files\MATLAB\R2012a\bin\win64\matlab.exe
0x00000000771e0000 - 0x000000007738a000 	C:\Windows\SYSTEM32\ntdll.dll
0x00000000770c0000 - 0x00000000771df000 	C:\Windows\system32\kernel32.dll
0x000007fefd2a0000 - 0x000007fefd30b000 	C:\Windows\system32\KERNELBASE.dll
0x0000000074460000 - 0x0000000074554000 	C:\Program Files\MATLAB\R2012a\bin\win64\libut.dll
0x00000000758a0000 - 0x0000000075952000 	C:\Program Files\MATLAB\R2012a\bin\win64\libmwi18n.dll
0x0000000180000000 - 0x000000018000b000 	C:\Program Files\MATLAB\R2012a\bin\win64\libmwresource_core.dll
0x0000000071cc0000 - 0x0000000071d93000 	C:\Windows\WinSxS\amd64_microsoft.vc90.crt_1fc8b3b9a1e18e3b_9.0.30729.6161_none_08e61857a83bc251\MSVCP90.dll
0x0000000071c10000 - 0x0000000071cb3000 	C:\Windows\WinSxS\amd64_microsoft.vc90.crt_1fc8b3b9a1e18e3b_9.0.30729.6161_none_08e61857a83bc251\MSVCR90.dll
0x000000007a170000 - 0x000000007a19c000 	C:\Program Files\MATLAB\R2012a\bin\win64\boost_filesystem-vc90-mt-1_44.dll
0x000000007a560000 - 0x000000007a569000 	C:\Program Files\MATLAB\R2012a\bin\win64\boost_system-vc90-mt-1_44.dll
0x000007fefd320000 - 0x000007fefd3fb000 	C:\Windows\system32\ADVAPI32.dll
0x000007fefe600000 - 0x000007fefe69f000 	C:\Windows\system32\msvcrt.dll
0x000007fefe6c0000 - 0x000007fefe6df000 	C:\Windows\SYSTEM32\sechost.dll
0x000007feff1d0000 - 0x000007feff2fd000 	C:\Windows\system32\RPCRT4.dll
0x000000007a010000 - 0x000000007a035000 	C:\Program Files\MATLAB\R2012a\bin\win64\LIBEXPAT.dll
0x000000006ee30000 - 0x000000006f021000 	C:\Program Files\MATLAB\R2012a\bin\win64\icuin44.dll
0x0000000070230000 - 0x00000000703a1000 	C:\Program Files\MATLAB\R2012a\bin\win64\icuuc44.dll
0x0000000010000000 - 0x0000000010e41000 	C:\Program Files\MATLAB\R2012a\bin\win64\icudt44.dll
0x0000000073f70000 - 0x00000000740ad000 	C:\Program Files\MATLAB\R2012a\bin\win64\libmwfl.dll
0x0000000004360000 - 0x0000000004656000 	C:\Program Files\MATLAB\R2012a\bin\win64\libmwMATLAB_res.dll
0x000000007a3b0000 - 0x000000007a3c0000 	C:\Program Files\MATLAB\R2012a\bin\win64\boost_date_time-vc90-mt-1_44.dll
0x000000007a250000 - 0x000000007a263000 	C:\Program Files\MATLAB\R2012a\bin\win64\boost_signals-vc90-mt-1_44.dll
0x000000007a2d0000 - 0x000000007a2e2000 	C:\Program Files\MATLAB\R2012a\bin\win64\boost_thread-vc90-mt-1_44.dll
0x0000000004190000 - 0x00000000041d6000 	C:\Program Files\MATLAB\R2012a\bin\win64\tbb.dll
0x000007fefe6a0000 - 0x000007fefe6b9000 	C:\Windows\system32\imagehlp.dll
0x00000000773a0000 - 0x00000000773a7000 	C:\Windows\system32\PSAPI.DLL
0x0000000072ed0000 - 0x0000000072ee3000 	C:\Program Files\MATLAB\R2012a\bin\win64\icuio44.dll
0x000007fef85e0000 - 0x000007fef8705000 	C:\Windows\system32\dbghelp.dll
0x0000000076fc0000 - 0x00000000770ba000 	C:\Windows\system32\USER32.dll
0x000007fefe6e0000 - 0x000007fefe747000 	C:\Windows\system32\GDI32.dll
0x000007feff380000 - 0x000007feff38e000 	C:\Windows\system32\LPK.dll
0x000007feff420000 - 0x000007feff4ea000 	C:\Windows\system32\USP10.dll
0x000000007bed0000 - 0x000000007c183000 	C:\Program Files\MATLAB\R2012a\bin\win64\libmwservices.dll
0x0000000075a20000 - 0x0000000075ae2000 	C:\Program Files\MATLAB\R2012a\bin\win64\libmx.dll
0x000000007a210000 - 0x000000007a228000 	C:\Program Files\MATLAB\R2012a\bin\win64\zlib1.dll
0x0000000004230000 - 0x0000000004251000 	C:\Program Files\MATLAB\R2012a\bin\win64\libmwmfl_scalar.dll
0x0000000075f10000 - 0x0000000075f5d000 	C:\Program Files\MATLAB\R2012a\bin\win64\mpath.dll
0x000000007b680000 - 0x000000007bbe1000 	C:\Program Files\MATLAB\R2012a\bin\win64\mlutil.dll
0x0000000072e20000 - 0x0000000072e9f000 	C:\Program Files\MATLAB\R2012a\bin\win64\xmlcore.dll
0x000000007bc30000 - 0x000000007be83000 	C:\Program Files\MATLAB\R2012a\bin\win64\xerces-c_2_7.dll
0x000007fefd610000 - 0x000007fefd65d000 	C:\Windows\system32\WS2_32.dll
0x000007fefe510000 - 0x000007fefe518000 	C:\Windows\system32\NSI.dll
0x00000000046b0000 - 0x00000000046ca000 	C:\Program Files\MATLAB\R2012a\bin\win64\libmwMATLAB_settings_res.dll
0x00000000046e0000 - 0x0000000004727000 	C:\Program Files\MATLAB\R2012a\bin\win64\boost_serialization-vc90-mt-1_44.dll
0x000007fefd660000 - 0x000007fefe3e9000 	C:\Windows\system32\SHELL32.dll
0x000007fefe490000 - 0x000007fefe501000 	C:\Windows\system32\SHLWAPI.dll
0x000007fef9f60000 - 0x000007fefa000000 	C:\Windows\WinSxS\amd64_microsoft.windows.common-controls_6595b64144ccf1df_5.82.7601.18837_none_a4d981ff711297b6\COMCTL32.dll
0x000007fefe3f0000 - 0x000007fefe487000 	C:\Windows\system32\COMDLG32.dll
0x000007fefa9e0000 - 0x000007fefa9f6000 	C:\Windows\system32\NETAPI32.dll
0x000007fefa9d0000 - 0x000007fefa9dc000 	C:\Windows\system32\netutils.dll
0x000007fefca00000 - 0x000007fefca23000 	C:\Windows\system32\srvcli.dll
0x000007fefa9a0000 - 0x000007fefa9b5000 	C:\Windows\system32\wkscli.dll
0x000007fefd400000 - 0x000007fefd603000 	C:\Windows\system32\ole32.dll
0x000007fefe520000 - 0x000007fefe5f8000 	C:\Windows\system32\OLEAUT32.dll
0x0000000074970000 - 0x0000000074b06000 	C:\Program Files\MATLAB\R2012a\bin\win64\mcr.dll
0x0000000075000000 - 0x000000007536b000 	C:\Program Files\MATLAB\R2012a\bin\win64\iqm.dll
0x0000000069f20000 - 0x000000006a741000 	C:\Program Files\MATLAB\R2012a\bin\win64\m_interpreter.dll
0x0000000072df0000 - 0x0000000072e15000 	C:\Program Files\MATLAB\R2012a\bin\win64\libmex.dll
0x000000006f700000 - 0x000000006f7b3000 	C:\Program Files\MATLAB\R2012a\bin\win64\m_dispatcher.dll
0x0000000074880000 - 0x000000007496d000 	C:\Program Files\MATLAB\R2012a\bin\win64\boost_regex-vc90-mt-1_44.dll
0x0000000072d60000 - 0x0000000072de4000 	C:\Program Files\MATLAB\R2012a\bin\win64\profiler.dll
0x00000000047b0000 - 0x0000000004a05000 	C:\Program Files\MATLAB\R2012a\bin\win64\libmwmathutil.dll
0x0000000079f40000 - 0x0000000079f6d000 	C:\Program Files\MATLAB\R2012a\bin\win64\libmwmathrng.dll
0x0000000074c10000 - 0x0000000074ced000 	C:\Program Files\MATLAB\R2012a\bin\win64\libmwmathcore.dll
0x0000000076160000 - 0x00000000761cb000 	C:\Program Files\MATLAB\R2012a\bin\win64\libmwspmatrix.dll
0x0000000075ea0000 - 0x0000000075f02000 	C:\Program Files\MATLAB\R2012a\bin\win64\libmwcholmod.dll
0x000000007a460000 - 0x000000007a46d000 	C:\Program Files\MATLAB\R2012a\bin\win64\libmwamd.dll
0x000000007a4b0000 - 0x000000007a4bc000 	C:\Program Files\MATLAB\R2012a\bin\win64\libmwcolamd.dll
0x0000000072ce0000 - 0x0000000072cf9000 	C:\Program Files\MATLAB\R2012a\bin\win64\libmwblas.dll
0x0000000072cc0000 - 0x0000000072cd2000 	C:\Program Files\MATLAB\R2012a\bin\win64\libmwbinder.dll
0x0000000072ec0000 - 0x0000000072ecb000 	C:\Program Files\MATLAB\R2012a\bin\win64\libmwompwrapper.dll
0x000000006f160000 - 0x000000006f1e6000 	C:\Program Files\MATLAB\R2012a\bin\win64\libmwlapack.dll
0x0000000072c90000 - 0x0000000072cb1000 	C:\Program Files\MATLAB\R2012a\bin\win64\m_pcodeio.dll
0x0000000079b10000 - 0x0000000079b77000 	C:\Program Files\MATLAB\R2012a\bin\win64\m_ir.dll
0x000000006bc60000 - 0x000000006c2b0000 	C:\Program Files\MATLAB\R2012a\bin\win64\m_parser.dll
0x0000000072c70000 - 0x0000000072c8a000 	C:\Program Files\MATLAB\R2012a\bin\win64\ir_xfmr.dll
0x000000006ebb0000 - 0x000000006ee29000 	C:\Program Files\MATLAB\R2012a\bin\win64\mcos.dll
0x0000000072f90000 - 0x0000000072f9c000 	C:\Program Files\MATLAB\R2012a\bin\win64\mtok.dll
0x00000000712d0000 - 0x0000000071301000 	C:\Program Files\MATLAB\R2012a\bin\win64\m_pcodegen.dll
0x0000000079fb0000 - 0x0000000079fe7000 	C:\Program Files\MATLAB\R2012a\bin\win64\libmwbridge.dll
0x000000006eae0000 - 0x000000006eba8000 	C:\Program Files\MATLAB\R2012a\bin\win64\udd.dll
0x000000006e980000 - 0x000000006ead2000 	C:\Program Files\MATLAB\R2012a\bin\win64\libmwgui.dll
0x0000000072c50000 - 0x0000000072c67000 	C:\Program Files\MATLAB\R2012a\bin\win64\graphics_util.dll
0x0000000069570000 - 0x0000000069f13000 	C:\Program Files\MATLAB\R2012a\bin\win64\hg.dll
0x0000000004b80000 - 0x0000000004be7000 	C:\Program Files\MATLAB\R2012a\bin\win64\libmat.dll
0x0000000004c00000 - 0x0000000004e14000 	C:\Program Files\MATLAB\R2012a\bin\win64\hdf5dll.dll
0x0000000075710000 - 0x00000000757c1000 	C:\Program Files\MATLAB\R2012a\bin\win64\jmi.dll
0x0000000004e40000 - 0x0000000004e4e000 	C:\Program Files\MATLAB\R2012a\bin\win64\nativejava_services.dll
0x000000006f410000 - 0x000000006f452000 	C:\Program Files\MATLAB\R2012a\bin\win64\libmwhardcopy.dll
0x000000006bc00000 - 0x000000006bc5a000 	C:\Program Files\MATLAB\R2012a\bin\win64\libuij.dll
0x0000000069360000 - 0x000000006956c000 	C:\Program Files\MATLAB\R2012a\bin\win64\hgdatatypes.dll
0x000000006bb00000 - 0x000000006bbfd000 	C:\Program Files\MATLAB\R2012a\bin\win64\hgutils.dll
0x00000000692a0000 - 0x000000006935d000 	C:\Program Files\MATLAB\R2012a\bin\win64\udd_mi.dll
0x0000000004eb0000 - 0x0000000004eeb000 	C:\Program Files\MATLAB\R2012a\bin\win64\libmwgbtutils.dll
0x0000000004f00000 - 0x0000000004f19000 	C:\Program Files\MATLAB\R2012a\bin\win64\libmwgbt.dll
0x0000000004f30000 - 0x00000000051fa000 	C:\Program Files\MATLAB\R2012a\bin\win64\uiw.dll
0x0000000072d50000 - 0x0000000072d5f000 	C:\Program Files\MATLAB\R2012a\bin\win64\uinone.dll
0x000007fef8730000 - 0x000007fef8748000 	C:\Windows\system32\MPR.dll
0x0000000068db0000 - 0x0000000069294000 	C:\Windows\WinSxS\amd64_microsoft.vc90.mfc_1fc8b3b9a1e18e3b_9.0.30729.6161_none_044aad0bab1eb146\mfc90.dll
0x000007fefa070000 - 0x000007fefa077000 	C:\Windows\system32\MSIMG32.dll
0x000007fef9ed0000 - 0x000007fef9f41000 	C:\Windows\system32\WINSPOOL.DRV
0x0000000071330000 - 0x0000000071350000 	C:\Program Files\MATLAB\R2012a\bin\win64\mwoles05.DLL
0x0000000068d30000 - 0x0000000068dac000 	C:\Program Files\MATLAB\R2012a\bin\win64\comcli.dll
0x000000006f6d0000 - 0x000000006f6ff000 	C:\Windows\WinSxS\amd64_microsoft.vc90.atl_1fc8b3b9a1e18e3b_9.0.30729.6161_none_0a1fd3a3a768b895\ATL90.DLL
0x0000000071320000 - 0x000000007132c000 	C:\Program Files\MATLAB\R2012a\bin\win64\mlautoregister.dll
0x0000000005250000 - 0x0000000005260000 	C:\Program Files\MATLAB\R2012a\bin\win64\boost_iostreams-vc90-mt-1_44.dll
0x000007feff390000 - 0x000007feff3be000 	C:\Windows\system32\IMM32.DLL
0x000007fefe750000 - 0x000007fefe859000 	C:\Windows\system32\MSCTF.dll
0x000007fefb500000 - 0x000007fefb556000 	C:\Windows\system32\UxTheme.dll
0x000007fefb2b0000 - 0x000007fefb2c8000 	C:\Windows\system32\dwmapi.dll
0x0000000071310000 - 0x000000007131d000 	C:\Windows\WinSxS\amd64_microsoft.vc90.mfcloc_1fc8b3b9a1e18e3b_9.0.30729.6161_none_01c9581e60cbee58\MFC90ENU.DLL
0x0000000005520000 - 0x0000000005549000 	C:\Program Files\MATLAB\R2012a\bin\win64\tbbmalloc.dll
0x0000000078870000 - 0x0000000078ecd000 	C:\Program Files\MATLAB\R2012a\sys\java\jre\win64\jre\bin\server\jvm.dll
0x000007fefa080000 - 0x000007fefa0bb000 	C:\Windows\system32\WINMM.dll
0x000007fefcf70000 - 0x000007fefcf7f000 	C:\Windows\system32\profapi.dll
0x00000000704e0000 - 0x00000000704e3000 	C:\Windows\system32\icmp.Dll
0x000007fefaf60000 - 0x000007fefaf87000 	C:\Windows\system32\iphlpapi.DLL
0x000007fefaf50000 - 0x000007fefaf5b000 	C:\Windows\system32\WINNSI.DLL
0x000007fefcd30000 - 0x000007fefcd55000 	C:\Windows\system32\SspiCli.dll
0x000007fefac30000 - 0x000007fefac45000 	C:\Windows\system32\NLAapi.dll
0x000007fef8300000 - 0x000007fef8315000 	C:\Windows\system32\napinsp.dll
0x000007fef8380000 - 0x000007fef8399000 	C:\Windows\system32\pnrpnsp.dll
0x000007fefc700000 - 0x000007fefc755000 	C:\Windows\System32\mswsock.dll
0x000007fefc580000 - 0x000007fefc5db000 	C:\Windows\system32\DNSAPI.dll
0x000007fef82c0000 - 0x000007fef82cb000 	C:\Windows\System32\winrnr.dll
0x0000000071da0000 - 0x0000000071dc6000 	C:\Program Files\Bonjour\mdnsNSP.dll
0x000007fef8030000 - 0x000007fef8040000 	C:\Windows\system32\wshbth.dll

VM Arguments:
jvm_args: -Xss512k -XX:PermSize=32m -Xms64m -XX:NewRatio=3 -XX:MaxPermSize=128m -Xmx196m -XX:MaxDirectMemorySize=2147400000 -Dsun.java2d.noddraw=true -Dsun.awt.nopixfmt=true -Xshare:off -Xrs -Dsun.awt.disableMixing=true -Djava.library.path=C:\Program Files\MATLAB\R2012a\bin\win64 vfprintf abort 
java_command: <unknown>
Launcher Type: generic

Environment Variables:
PATH=F:\gstreamer-sdk\0.10\x86_64\bin;C:\Program Files (x86)\CollabNet\Subversion Client;C:\Program Files (x86)\Embarcadero\RAD Studio\8.0\bin;C:\Users\Public\Documents\RAD Studio\8.0\Bpl;C:\Windows\system32;C:\Windows;C:\Windows\System32\Wbem;C:\Windows\System32\WindowsPowerShell\v1.0\;C:\Program Files\MATLAB\R2012a\runtime\win64;C:\Program Files\MATLAB\R2012a\bin;C:\Program Files\TortoiseHg\;C:\Program Files (x86)\Microsoft SQL Server\90\Tools\binn\;C:\Program Files (x86)\PsychoPy2\DLLs;C:\Program Files\SlikSvn\bin;C:\Panda3d-1.8.0\python;C:\Program Files\Git\cmd;C:\Windows\system32\config\systemprofile\.dnx\bin;C:\Program Files\Microsoft DNX\Dnvm\;C:\Program Files (x86)\CollabNet\Subversion Client;C:\Program Files (x86)\Embarcadero\RAD Studio\8.0\bin;C:\Users\Public\Documents\RAD Studio\8.0\Bpl;C:\Windows\system32;C:\Windows;C:\Windows\System32\Wbem;C:\Windows\System32\WindowsPowerShell\v1.0\;C:\Program Files\MATLAB\R2012a\runtime\win64;C:\Program Files\MATLAB\R2012a\bin;C:\Program Files\TortoiseHg\;C:\Program Files (x86)\Microsoft SQL Server\90\Tools\binn\;C:\Program Files (x86)\PsychoPy2\DLLs;C:\Program Files\SlikSvn\bin;C:\DEVEL\Panda3d-1.8.0-x64-LSL\python;C:\Panda3D-1.8.0\python;C:\Panda3D-1.8.0\bin;C:\Program Files (x86)\PsychoPy2;E:\Program Files\SR Research\EyeLink\libs;E:\Program Files\SR Research\EyeLink\bin;C:\Panda3d-1.8.0-x64-LSL\python
USERNAME=mobi
OS=Windows_NT
PROCESSOR_IDENTIFIER=Intel64 Family 6 Model 26 Stepping 5, GenuineIntel



---------------  S Y S T E M  ---------------

OS: Windows 7 Build 7601 Service Pack 1

CPU:total 4 (8 cores per cpu, 2 threads per core) family 6 model 26 stepping 5, cmov, cx8, fxsr, mmx, sse, sse2, sse3, ssse3, sse4.1, sse4.2, ht

Memory: 4k page, physical 25156728k(20060160k free), swap 50311620k(45543068k free)

vm_info: Java HotSpot(TM) 64-Bit Server VM (14.3-b01) for windows-amd64 JRE (1.6.0_17-b04), built on Oct 11 2009 00:46:08 by "java_re" with MS VC++ 8.0

time: Fri May 06 16:30:31 2016
elapsed time: 265505 seconds

