#
# A fatal error has been detected by the Java Runtime Environment:
#
#  EXCEPTION_ACCESS_VIOLATION (0xc0000005) at pc=0x0000000070cc197b, pid=23588, tid=23592
#
# JRE version: 6.0_17-b04
# Java VM: Java HotSpot(TM) 64-Bit Server VM (14.3-b01 mixed mode windows-amd64 )
# Problematic frame:
# C  [m_dispatcher.dll+0x4197b]
#
# If you would like to submit a bug report, please visit:
#   http://java.sun.com/webapps/bugreport/crash.jsp
# The crash happened outside the Java Virtual Machine in native code.
# See problematic frame for where to report the bug.
#

---------------  T H R E A D  ---------------

Current thread (0x0000000005233800):  JavaThread "main" [_thread_in_native, id=23592, stack(0x00000000000b0000,0x00000000040b0000)]

siginfo: ExceptionCode=0xc0000005, reading address 0xffffffffffffffff

Registers:
EAX=0x000000000c8da3c0, EBX=0x000000007c156220, ECX=0x001be9f60a35285d, EDX=0x0000000000005c28
ESP=0x000000000408e920, EBP=0x0000000074a537e0, ESI=0x000000000408efe8, EDI=0x000000000408efe8
EIP=0x0000000070cc197b, EFLAGS=0x0000000000010202

Top of Stack: (sp=0x000000000408e920)
0x000000000408e920:   0000000000000000 0000000074a537e0
0x000000000408e930:   000000000408efe8 0000000000000000
0x000000000408e940:   fffffffffffffffe 000000007447a476
0x000000000408e950:   000000000408efe8 0000000070c9dd46
0x000000000408e960:   0000000004091740 0000000000000004
0x000000000408e970:   000000007c156220 000000000408ef00
0x000000000408e980:   000000000408efe8 0000000074a13ca0
0x000000000408e990:   000000000408efe8 000000007c156220
0x000000000408e9a0:   0000000000000000 0000000005087f50
0x000000000408e9b0:   2072614d20756854 37343a3131203330
0x000000000408e9c0:   363130322038313a 000000000000000a
0x000000000408e9d0:   0000000070d916a0 000000000000001d
0x000000000408e9e0:   0000000004092280 0000000004091d90
0x000000000408e9f0:   0000000000000000 0000000000000000
0x000000000408ea00:   0000000000000020 000000001fe00000
0x000000000408ea10:   00001fa10010001f 0053002b002b0033 

Instructions: (pc=0x0000000070cc197b)
0x0000000070cc196b:   fe ff ff ff 48 89 5c 24 50 48 8b 89 78 04 00 00
0x0000000070cc197b:   48 8b 01 45 33 c9 45 33 c0 48 8d 54 24 40 ff 10 


Stack: [0x00000000000b0000,0x00000000040b0000],  sp=0x000000000408e920,  free space=65402k
Native frames: (J=compiled Java code, j=interpreted, Vv=VM code, C=native code)
C  [m_dispatcher.dll+0x4197b]

Java frames: (J=compiled Java code, j=interpreted, Vv=VM code)
j  com.mathworks.jmi.NativeMatlab.SendMatlabMessage(Ljava/lang/Object;)Ljava/lang/Object;+0
j  com.mathworks.jmi.NativeMatlab.sendMatlabMessage(Ljava/lang/Object;)Ljava/lang/Object;+22
j  com.mathworks.jmi.MatlabLooper.sendMatlabMessage(Lcom/mathworks/services/message/MWMessage;)Ljava/lang/Object;+20
j  com.mathworks.jmi.Matlab.mtFevalConsoleOutput(Ljava/lang/String;[Ljava/lang/Object;I)Ljava/lang/Object;+58
j  com.mathworks.jmi.MatlabMCR.mtFevalConsoleOutput(Ljava/lang/String;[Ljava/lang/Object;I)Ljava/lang/Object;+3
j  com.mathworks.timer.MWCallback$callbackEvent.run()V+67
j  com.mathworks.jmi.NativeMatlab.dispatchMTRequests(Z)V+57
v  ~StubRoutines::call_stub

---------------  P R O C E S S  ---------------

Java Threads: ( => current thread )
  0x000000000f205000 JavaThread "Thread-47" [_thread_blocked, id=24248, stack(0x000000001d3d0000,0x000000001d450000)]
  0x000000000f203800 JavaThread "Image Fetcher 3" daemon [_thread_blocked, id=24244, stack(0x000000003ad30000,0x000000003adb0000)]
  0x000000000f202800 JavaThread "Inactive RequestProcessor thread [Was:TimedSoftReference/org.openide.util.TimedSoftReference]" daemon [_thread_blocked, id=24220, stack(0x0000000021270000,0x00000000212f0000)]
  0x000000000f20f000 JavaThread "Code Analyzer updating thread" [_thread_blocked, id=24052, stack(0x000000006cba0000,0x000000006cc20000)]
  0x000000000f20e000 JavaThread "Code Analyzer updating thread" [_thread_blocked, id=24044, stack(0x0000000025420000,0x00000000254a0000)]
  0x000000000f20d800 JavaThread "Code Analyzer updating thread" [_thread_blocked, id=24040, stack(0x000000006cc20000,0x000000006cca0000)]
  0x000000000f20c000 JavaThread "Code Analyzer updating thread" [_thread_blocked, id=24036, stack(0x000000006ce00000,0x000000006ce80000)]
  0x000000000f20b800 JavaThread "Code Analyzer updating thread" [_thread_blocked, id=24032, stack(0x000000006cce0000,0x000000006cd60000)]
  0x000000000f20a800 JavaThread "Code Analyzer updating thread" [_thread_blocked, id=24028, stack(0x000000006a330000,0x000000006a3b0000)]
  0x000000000f20a000 JavaThread "Code Analyzer updating thread" [_thread_blocked, id=24024, stack(0x000000006a120000,0x000000006a1a0000)]
  0x000000000f209000 JavaThread "Code Analyzer updating thread" [_thread_blocked, id=23976, stack(0x000000006cb00000,0x000000006cb80000)]
  0x000000000f208800 JavaThread "Code Analyzer updating thread" [_thread_blocked, id=23972, stack(0x0000000069ca0000,0x0000000069d20000)]
  0x000000000f207800 JavaThread "Code Analyzer updating thread" [_thread_blocked, id=23968, stack(0x000000006a250000,0x000000006a2d0000)]
  0x000000000f207000 JavaThread "Active Reference Queue Daemon" daemon [_thread_blocked, id=23960, stack(0x000000006a1c0000,0x000000006a240000)]
  0x000000000f205800 JavaThread "Timer-8" daemon [_thread_blocked, id=23956, stack(0x0000000069d60000,0x0000000069de0000)]
  0x000000000f206000 JavaThread "Timer-7" daemon [_thread_blocked, id=23944, stack(0x0000000069bc0000,0x0000000069c40000)]
  0x000000000f204000 JavaThread "Explorer NavigationContext request queue" [_thread_blocked, id=23888, stack(0x000000005d050000,0x000000005d0d0000)]
  0x000000000f202000 JavaThread "AddressBar directory emptiness poller" [_thread_blocked, id=23860, stack(0x0000000010e90000,0x0000000010f10000)]
  0x000000000f200800 JavaThread "Timer-1" [_thread_blocked, id=23852, stack(0x0000000054de0000,0x0000000054e60000)]
  0x000000000f1ff800 JavaThread "TimerQueue" daemon [_thread_blocked, id=23848, stack(0x000000001d130000,0x000000001d1b0000)]
  0x000000000f073000 JavaThread "FelixPackageAdmin" daemon [_thread_blocked, id=23796, stack(0x0000000015010000,0x0000000015090000)]
  0x000000000ef6f800 JavaThread "FelixStartLevel" daemon [_thread_blocked, id=23792, stack(0x000000000c5a0000,0x000000000c620000)]
  0x000000000ecb9000 JavaThread "FelixDispatchQueue" daemon [_thread_blocked, id=23788, stack(0x0000000014f40000,0x0000000014fc0000)]
  0x000000000ed6b000 JavaThread "AWT-EventQueue-0" [_thread_blocked, id=23780, stack(0x000000000fed0000,0x000000000ff50000)]
  0x000000000ec78800 JavaThread "com.google.common.base.internal.Finalizer" daemon [_thread_blocked, id=23776, stack(0x000000000fc90000,0x000000000fd10000)]
  0x000000000ee77000 JavaThread "AWT-Windows" daemon [_thread_in_native, id=23768, stack(0x000000000fa50000,0x000000000fad0000)]
  0x000000000e265800 JavaThread "AWT-Shutdown" [_thread_blocked, id=23764, stack(0x000000000fbd0000,0x000000000fc50000)]
  0x000000000ec72000 JavaThread "Java2D Disposer" daemon [_thread_blocked, id=23760, stack(0x000000000f9a0000,0x000000000fa20000)]
  0x000000000e931000 JavaThread "Timer-0" [_thread_blocked, id=23748, stack(0x000000000f910000,0x000000000f990000)]
  0x000000000e7f8000 JavaThread "EventMgr Dispatcher" daemon [_thread_in_native, id=23600, stack(0x0000000010f40000,0x0000000014f40000)]
  0x000000000d6f4000 JavaThread "Low Memory Detector" daemon [_thread_blocked, id=23740, stack(0x000000000d8c0000,0x000000000d940000)]
  0x000000000d6f0800 JavaThread "CompilerThread1" daemon [_thread_blocked, id=23736, stack(0x0000000083ff0000,0x0000000087ff0000)]
  0x000000000d6e5800 JavaThread "CompilerThread0" daemon [_thread_blocked, id=23732, stack(0x000000007fff0000,0x0000000083ff0000)]
  0x000000000d6e4000 JavaThread "Attach Listener" daemon [_thread_blocked, id=23728, stack(0x000000000d990000,0x000000000da10000)]
  0x000000000d68c000 JavaThread "Finalizer" daemon [_thread_blocked, id=23724, stack(0x000000000da20000,0x000000000daa0000)]
  0x000000000d685800 JavaThread "Reference Handler" daemon [_thread_blocked, id=23720, stack(0x000000000d840000,0x000000000d8c0000)]
=>0x0000000005233800 JavaThread "main" [_thread_in_native, id=23592, stack(0x00000000000b0000,0x00000000040b0000)]

Other Threads:
  0x000000000d682800 VMThread [stack: 0x0000000065270000,0x0000000069270000] [id=23716]
  0x000000000d720000 WatcherThread [stack: 0x0000000088070000,0x000000008c070000] [id=23744]

VM state:not at safepoint (normal execution)

VM Mutex/Monitor currently owned by a thread: None

Heap
 PSYoungGen      total 33728K, used 17257K [0x0000000051cc0000, 0x0000000054d10000, 0x0000000054dc0000)
  eden space 18944K, 42% used [0x0000000051cc0000,0x00000000524a40b8,0x0000000052f40000)
  from space 14784K, 62% used [0x0000000052f40000,0x0000000053836598,0x0000000053db0000)
  to   space 14528K, 0% used [0x0000000053ee0000,0x0000000053ee0000,0x0000000054d10000)
 PSOldGen        total 87360K, used 51550K [0x00000000489c0000, 0x000000004df10000, 0x0000000051cc0000)
  object space 87360K, 59% used [0x00000000489c0000,0x000000004bc17bd8,0x000000004df10000)
 PSPermGen       total 102976K, used 60325K [0x00000000409c0000, 0x0000000046e50000, 0x00000000489c0000)
  object space 102976K, 58% used [0x00000000409c0000,0x00000000444a9740,0x0000000046e50000)

Dynamic libraries:
0x000000013f970000 - 0x000000013f9a2000 	C:\Program Files\MATLAB\R2012a\bin\win64\matlab.exe
0x0000000077be0000 - 0x0000000077d8a000 	C:\Windows\SYSTEM32\ntdll.dll
0x0000000077ac0000 - 0x0000000077bdf000 	C:\Windows\system32\kernel32.dll
0x000007fefdc40000 - 0x000007fefdcab000 	C:\Windows\system32\KERNELBASE.dll
0x0000000074460000 - 0x0000000074554000 	C:\Program Files\MATLAB\R2012a\bin\win64\libut.dll
0x00000000758a0000 - 0x0000000075952000 	C:\Program Files\MATLAB\R2012a\bin\win64\libmwi18n.dll
0x0000000180000000 - 0x000000018000b000 	C:\Program Files\MATLAB\R2012a\bin\win64\libmwresource_core.dll
0x0000000070d40000 - 0x0000000070e13000 	C:\Windows\WinSxS\amd64_microsoft.vc90.crt_1fc8b3b9a1e18e3b_9.0.30729.6161_none_08e61857a83bc251\MSVCP90.dll
0x0000000073a40000 - 0x0000000073ae3000 	C:\Windows\WinSxS\amd64_microsoft.vc90.crt_1fc8b3b9a1e18e3b_9.0.30729.6161_none_08e61857a83bc251\MSVCR90.dll
0x000000007a170000 - 0x000000007a19c000 	C:\Program Files\MATLAB\R2012a\bin\win64\boost_filesystem-vc90-mt-1_44.dll
0x000000007a560000 - 0x000000007a569000 	C:\Program Files\MATLAB\R2012a\bin\win64\boost_system-vc90-mt-1_44.dll
0x000007feff900000 - 0x000007feff9db000 	C:\Windows\system32\ADVAPI32.dll
0x000007feff650000 - 0x000007feff6ef000 	C:\Windows\system32\msvcrt.dll
0x000007feffb60000 - 0x000007feffb7f000 	C:\Windows\SYSTEM32\sechost.dll
0x000007feffa30000 - 0x000007feffb5d000 	C:\Windows\system32\RPCRT4.dll
0x000000007a010000 - 0x000000007a035000 	C:\Program Files\MATLAB\R2012a\bin\win64\LIBEXPAT.dll
0x000000006f7c0000 - 0x000000006f9b1000 	C:\Program Files\MATLAB\R2012a\bin\win64\icuin44.dll
0x000000006f320000 - 0x000000006f491000 	C:\Program Files\MATLAB\R2012a\bin\win64\icuuc44.dll
0x0000000010000000 - 0x0000000010e41000 	C:\Program Files\MATLAB\R2012a\bin\win64\icudt44.dll
0x0000000073f70000 - 0x00000000740ad000 	C:\Program Files\MATLAB\R2012a\bin\win64\libmwfl.dll
0x0000000004330000 - 0x0000000004626000 	C:\Program Files\MATLAB\R2012a\bin\win64\libmwMATLAB_res.dll
0x000000007a3b0000 - 0x000000007a3c0000 	C:\Program Files\MATLAB\R2012a\bin\win64\boost_date_time-vc90-mt-1_44.dll
0x000000007a250000 - 0x000000007a263000 	C:\Program Files\MATLAB\R2012a\bin\win64\boost_signals-vc90-mt-1_44.dll
0x000000007a2d0000 - 0x000000007a2e2000 	C:\Program Files\MATLAB\R2012a\bin\win64\boost_thread-vc90-mt-1_44.dll
0x0000000004190000 - 0x00000000041d6000 	C:\Program Files\MATLAB\R2012a\bin\win64\tbb.dll
0x000007feff630000 - 0x000007feff649000 	C:\Windows\system32\imagehlp.dll
0x0000000077db0000 - 0x0000000077db7000 	C:\Windows\system32\PSAPI.DLL
0x0000000073bd0000 - 0x0000000073be3000 	C:\Program Files\MATLAB\R2012a\bin\win64\icuio44.dll
0x000007fefafe0000 - 0x000007fefb105000 	C:\Windows\system32\dbghelp.dll
0x00000000779c0000 - 0x0000000077aba000 	C:\Windows\system32\USER32.dll
0x000007feff5c0000 - 0x000007feff627000 	C:\Windows\system32\GDI32.dll
0x000007feff850000 - 0x000007feff85e000 	C:\Windows\system32\LPK.dll
0x000007fefeed0000 - 0x000007fefef9a000 	C:\Windows\system32\USP10.dll
0x000000007bed0000 - 0x000000007c183000 	C:\Program Files\MATLAB\R2012a\bin\win64\libmwservices.dll
0x0000000075a20000 - 0x0000000075ae2000 	C:\Program Files\MATLAB\R2012a\bin\win64\libmx.dll
0x000000007a210000 - 0x000000007a228000 	C:\Program Files\MATLAB\R2012a\bin\win64\zlib1.dll
0x0000000004630000 - 0x0000000004651000 	C:\Program Files\MATLAB\R2012a\bin\win64\libmwmfl_scalar.dll
0x0000000075f10000 - 0x0000000075f5d000 	C:\Program Files\MATLAB\R2012a\bin\win64\mpath.dll
0x000000007b680000 - 0x000000007bbe1000 	C:\Program Files\MATLAB\R2012a\bin\win64\mlutil.dll
0x0000000073b50000 - 0x0000000073bcf000 	C:\Program Files\MATLAB\R2012a\bin\win64\xmlcore.dll
0x000000007bc30000 - 0x000000007be83000 	C:\Program Files\MATLAB\R2012a\bin\win64\xerces-c_2_7.dll
0x000007feff9e0000 - 0x000007feffa2d000 	C:\Windows\system32\WS2_32.dll
0x000007feffee0000 - 0x000007feffee8000 	C:\Windows\system32\NSI.dll
0x00000000046b0000 - 0x00000000046ca000 	C:\Program Files\MATLAB\R2012a\bin\win64\libmwMATLAB_settings_res.dll
0x00000000046e0000 - 0x0000000004727000 	C:\Program Files\MATLAB\R2012a\bin\win64\boost_serialization-vc90-mt-1_44.dll
0x000007fefe140000 - 0x000007fefeec9000 	C:\Windows\system32\SHELL32.dll
0x000007feff7d0000 - 0x000007feff841000 	C:\Windows\system32\SHLWAPI.dll
0x000007fef69f0000 - 0x000007fef6a90000 	C:\Windows\WinSxS\amd64_microsoft.windows.common-controls_6595b64144ccf1df_5.82.7601.18837_none_a4d981ff711297b6\COMCTL32.dll
0x000007feff860000 - 0x000007feff8f7000 	C:\Windows\system32\COMDLG32.dll
0x000007fefb9d0000 - 0x000007fefb9e6000 	C:\Windows\system32\NETAPI32.dll
0x000007fefb820000 - 0x000007fefb82c000 	C:\Windows\system32\netutils.dll
0x000007fefd400000 - 0x000007fefd423000 	C:\Windows\system32\srvcli.dll
0x000007fefb800000 - 0x000007fefb815000 	C:\Windows\system32\wkscli.dll
0x000007feffc50000 - 0x000007feffe53000 	C:\Windows\system32\ole32.dll
0x000007feff6f0000 - 0x000007feff7c7000 	C:\Windows\system32\OLEAUT32.dll
0x0000000074970000 - 0x0000000074b06000 	C:\Program Files\MATLAB\R2012a\bin\win64\mcr.dll
0x0000000075000000 - 0x000000007536b000 	C:\Program Files\MATLAB\R2012a\bin\win64\iqm.dll
0x000000006b2a0000 - 0x000000006bac1000 	C:\Program Files\MATLAB\R2012a\bin\win64\m_interpreter.dll
0x0000000073b20000 - 0x0000000073b45000 	C:\Program Files\MATLAB\R2012a\bin\win64\libmex.dll
0x0000000070c80000 - 0x0000000070d33000 	C:\Program Files\MATLAB\R2012a\bin\win64\m_dispatcher.dll
0x0000000074880000 - 0x000000007496d000 	C:\Program Files\MATLAB\R2012a\bin\win64\boost_regex-vc90-mt-1_44.dll
0x0000000070a70000 - 0x0000000070af4000 	C:\Program Files\MATLAB\R2012a\bin\win64\profiler.dll
0x00000000047b0000 - 0x0000000004a05000 	C:\Program Files\MATLAB\R2012a\bin\win64\libmwmathutil.dll
0x0000000079f40000 - 0x0000000079f6d000 	C:\Program Files\MATLAB\R2012a\bin\win64\libmwmathrng.dll
0x0000000074c10000 - 0x0000000074ced000 	C:\Program Files\MATLAB\R2012a\bin\win64\libmwmathcore.dll
0x0000000076160000 - 0x00000000761cb000 	C:\Program Files\MATLAB\R2012a\bin\win64\libmwspmatrix.dll
0x0000000075ea0000 - 0x0000000075f02000 	C:\Program Files\MATLAB\R2012a\bin\win64\libmwcholmod.dll
0x000000007a460000 - 0x000000007a46d000 	C:\Program Files\MATLAB\R2012a\bin\win64\libmwamd.dll
0x000000007a4b0000 - 0x000000007a4bc000 	C:\Program Files\MATLAB\R2012a\bin\win64\libmwcolamd.dll
0x0000000073b00000 - 0x0000000073b19000 	C:\Program Files\MATLAB\R2012a\bin\win64\libmwblas.dll
0x00000000734e0000 - 0x00000000734f2000 	C:\Program Files\MATLAB\R2012a\bin\win64\libmwbinder.dll
0x0000000073af0000 - 0x0000000073afb000 	C:\Program Files\MATLAB\R2012a\bin\win64\libmwompwrapper.dll
0x0000000070620000 - 0x00000000706a6000 	C:\Program Files\MATLAB\R2012a\bin\win64\libmwlapack.dll
0x0000000071250000 - 0x0000000071271000 	C:\Program Files\MATLAB\R2012a\bin\win64\m_pcodeio.dll
0x0000000079b10000 - 0x0000000079b77000 	C:\Program Files\MATLAB\R2012a\bin\win64\m_ir.dll
0x000000006e770000 - 0x000000006edc0000 	C:\Program Files\MATLAB\R2012a\bin\win64\m_parser.dll
0x00000000711b0000 - 0x00000000711ca000 	C:\Program Files\MATLAB\R2012a\bin\win64\ir_xfmr.dll
0x000000006e4f0000 - 0x000000006e769000 	C:\Program Files\MATLAB\R2012a\bin\win64\mcos.dll
0x00000000732a0000 - 0x00000000732ac000 	C:\Program Files\MATLAB\R2012a\bin\win64\mtok.dll
0x0000000071170000 - 0x00000000711a1000 	C:\Program Files\MATLAB\R2012a\bin\win64\m_pcodegen.dll
0x0000000079fb0000 - 0x0000000079fe7000 	C:\Program Files\MATLAB\R2012a\bin\win64\libmwbridge.dll
0x000000006f250000 - 0x000000006f318000 	C:\Program Files\MATLAB\R2012a\bin\win64\udd.dll
0x000000006e390000 - 0x000000006e4e2000 	C:\Program Files\MATLAB\R2012a\bin\win64\libmwgui.dll
0x0000000070a50000 - 0x0000000070a67000 	C:\Program Files\MATLAB\R2012a\bin\win64\graphics_util.dll
0x000000006a8f0000 - 0x000000006b293000 	C:\Program Files\MATLAB\R2012a\bin\win64\hg.dll
0x0000000004b80000 - 0x0000000004be7000 	C:\Program Files\MATLAB\R2012a\bin\win64\libmat.dll
0x0000000072d30000 - 0x0000000072f44000 	C:\Program Files\MATLAB\R2012a\bin\win64\hdf5dll.dll
0x0000000075710000 - 0x00000000757c1000 	C:\Program Files\MATLAB\R2012a\bin\win64\jmi.dll
0x0000000004c20000 - 0x0000000004c2e000 	C:\Program Files\MATLAB\R2012a\bin\win64\nativejava_services.dll
0x000000006ff50000 - 0x000000006ff92000 	C:\Program Files\MATLAB\R2012a\bin\win64\libmwhardcopy.dll
0x000000006f760000 - 0x000000006f7ba000 	C:\Program Files\MATLAB\R2012a\bin\win64\libuij.dll
0x000000006d4e0000 - 0x000000006d6ec000 	C:\Program Files\MATLAB\R2012a\bin\win64\hgdatatypes.dll
0x000000006e290000 - 0x000000006e38d000 	C:\Program Files\MATLAB\R2012a\bin\win64\hgutils.dll
0x000000006d420000 - 0x000000006d4dd000 	C:\Program Files\MATLAB\R2012a\bin\win64\udd_mi.dll
0x0000000004c90000 - 0x0000000004ccb000 	C:\Program Files\MATLAB\R2012a\bin\win64\libmwgbtutils.dll
0x0000000004ce0000 - 0x0000000004cf9000 	C:\Program Files\MATLAB\R2012a\bin\win64\libmwgbt.dll
0x0000000004d10000 - 0x0000000004fda000 	C:\Program Files\MATLAB\R2012a\bin\win64\uiw.dll
0x00000000731d0000 - 0x00000000731df000 	C:\Program Files\MATLAB\R2012a\bin\win64\uinone.dll
0x000007fefb1e0000 - 0x000007fefb1f8000 	C:\Windows\system32\MPR.dll
0x000000006a400000 - 0x000000006a8e4000 	C:\Windows\WinSxS\amd64_microsoft.vc90.mfc_1fc8b3b9a1e18e3b_9.0.30729.6161_none_044aad0bab1eb146\mfc90.dll
0x000007fef75b0000 - 0x000007fef75b7000 	C:\Windows\system32\MSIMG32.dll
0x000007fef91a0000 - 0x000007fef9211000 	C:\Windows\system32\WINSPOOL.DRV
0x0000000070a30000 - 0x0000000070a50000 	C:\Program Files\MATLAB\R2012a\bin\win64\mwoles05.DLL
0x000000006e030000 - 0x000000006e0ac000 	C:\Program Files\MATLAB\R2012a\bin\win64\comcli.dll
0x0000000070150000 - 0x000000007017f000 	C:\Windows\WinSxS\amd64_microsoft.vc90.atl_1fc8b3b9a1e18e3b_9.0.30729.6161_none_0a1fd3a3a768b895\ATL90.DLL
0x00000000726d0000 - 0x00000000726dc000 	C:\Program Files\MATLAB\R2012a\bin\win64\mlautoregister.dll
0x0000000005030000 - 0x0000000005040000 	C:\Program Files\MATLAB\R2012a\bin\win64\boost_iostreams-vc90-mt-1_44.dll
0x000007feffc20000 - 0x000007feffc4e000 	C:\Windows\system32\IMM32.DLL
0x000007feff4b0000 - 0x000007feff5b9000 	C:\Windows\system32\MSCTF.dll
0x000007fefc330000 - 0x000007fefc386000 	C:\Windows\system32\UxTheme.dll
0x000007fefc2c0000 - 0x000007fefc2d8000 	C:\Windows\system32\dwmapi.dll
0x0000000071240000 - 0x000000007124d000 	C:\Windows\WinSxS\amd64_microsoft.vc90.mfcloc_1fc8b3b9a1e18e3b_9.0.30729.6161_none_01c9581e60cbee58\MFC90ENU.DLL
0x0000000005190000 - 0x00000000051b9000 	C:\Program Files\MATLAB\R2012a\bin\win64\tbbmalloc.dll
0x0000000078870000 - 0x0000000078ecd000 	C:\Program Files\MATLAB\R2012a\sys\java\jre\win64\jre\bin\server\jvm.dll
0x000007fefb4c0000 - 0x000007fefb4fb000 	C:\Windows\system32\WINMM.dll
0x000007fefd960000 - 0x000007fefd96f000 	C:\Windows\system32\profapi.dll
0x0000000070a20000 - 0x0000000070a23000 	C:\Windows\system32\icmp.Dll
0x000007fefb510000 - 0x000007fefb537000 	C:\Windows\system32\iphlpapi.DLL
0x000007fefb500000 - 0x000007fefb50b000 	C:\Windows\system32\WINNSI.DLL
0x000007fefd870000 - 0x000007fefd895000 	C:\Windows\system32\SspiCli.dll
0x000007fefb2a0000 - 0x000007fefb2b5000 	C:\Windows\system32\NLAapi.dll
0x000007fef9360000 - 0x000007fef9375000 	C:\Windows\system32\napinsp.dll
0x000007fef9340000 - 0x000007fef9359000 	C:\Windows\system32\pnrpnsp.dll
0x000007fefd0c0000 - 0x000007fefd115000 	C:\Windows\System32\mswsock.dll
0x000007fefcef0000 - 0x000007fefcf4b000 	C:\Windows\system32\DNSAPI.dll
0x000007fef9330000 - 0x000007fef933b000 	C:\Windows\System32\winrnr.dll
0x00000000746e0000 - 0x0000000074706000 	C:\Program Files\Bonjour\mdnsNSP.dll
0x000007fef9320000 - 0x000007fef9330000 	C:\Windows\system32\wshbth.dll

VM Arguments:
jvm_args: -Xss512k -XX:PermSize=32m -Xms64m -XX:NewRatio=3 -XX:MaxPermSize=128m -Xmx196m -XX:MaxDirectMemorySize=2147400000 -Dsun.java2d.noddraw=true -Dsun.awt.nopixfmt=true -Xshare:off -Xrs -Dsun.awt.disableMixing=true -Djava.library.path=C:\Program Files\MATLAB\R2012a\bin\win64 vfprintf abort 
java_command: <unknown>
Launcher Type: generic

Environment Variables:
PATH=F:\gstreamer-sdk\0.10\x86_64\bin;C:\Program Files (x86)\CollabNet\Subversion Client;C:\Program Files (x86)\Embarcadero\RAD Studio\8.0\bin;C:\Users\Public\Documents\RAD Studio\8.0\Bpl;C:\Windows\system32;C:\Windows;C:\Windows\System32\Wbem;C:\Windows\System32\WindowsPowerShell\v1.0\;C:\Program Files\MATLAB\R2012a\runtime\win64;C:\Program Files\MATLAB\R2012a\bin;C:\Program Files\TortoiseHg\;C:\Program Files (x86)\Microsoft SQL Server\90\Tools\binn\;C:\Program Files (x86)\PsychoPy2\DLLs;C:\Program Files\SlikSvn\bin;C:\Panda3d-1.8.0\python;C:\Program Files\Git\cmd;C:\Windows\system32\config\systemprofile\.dnx\bin;C:\Program Files\Microsoft DNX\Dnvm\;C:\Program Files (x86)\CollabNet\Subversion Client;C:\Program Files (x86)\Embarcadero\RAD Studio\8.0\bin;C:\Users\Public\Documents\RAD Studio\8.0\Bpl;C:\Windows\system32;C:\Windows;C:\Windows\System32\Wbem;C:\Windows\System32\WindowsPowerShell\v1.0\;C:\Program Files\MATLAB\R2012a\runtime\win64;C:\Program Files\MATLAB\R2012a\bin;C:\Program Files\TortoiseHg\;C:\Program Files (x86)\Microsoft SQL Server\90\Tools\binn\;C:\Program Files (x86)\PsychoPy2\DLLs;C:\Program Files\SlikSvn\bin;C:\DEVEL\Panda3d-1.8.0-x64-LSL\python;C:\Panda3D-1.8.0\python;C:\Panda3D-1.8.0\bin;C:\Program Files (x86)\PsychoPy2;E:\Program Files\SR Research\EyeLink\libs;E:\Program Files\SR Research\EyeLink\bin;C:\Panda3d-1.8.0-x64-LSL\python
USERNAME=mobi
OS=Windows_NT
PROCESSOR_IDENTIFIER=Intel64 Family 6 Model 26 Stepping 5, GenuineIntel



---------------  S Y S T E M  ---------------

OS: Windows 7 Build 7601 Service Pack 1

CPU:total 4 (8 cores per cpu, 2 threads per core) family 6 model 26 stepping 5, cmov, cx8, fxsr, mmx, sse, sse2, sse3, ssse3, sse4.1, sse4.2, ht

Memory: 4k page, physical 25156728k(20855064k free), swap 50311620k(46024260k free)

vm_info: Java HotSpot(TM) 64-Bit Server VM (14.3-b01) for windows-amd64 JRE (1.6.0_17-b04), built on Oct 11 2009 00:46:08 by "java_re" with MS VC++ 8.0

time: Thu Mar 03 11:47:18 2016
elapsed time: 79 seconds

