#
# A fatal error has been detected by the Java Runtime Environment:
#
#  EXCEPTION_ACCESS_VIOLATION (0xc0000005) at pc=0x000000003abe4251, pid=23544, tid=22912
#
# JRE version: 6.0_17-b04
# Java VM: Java HotSpot(TM) 64-Bit Server VM (14.3-b01 mixed mode windows-amd64 )
# Problematic frame:
# C  0x000000003abe4251
#
# If you would like to submit a bug report, please visit:
#   http://java.sun.com/webapps/bugreport/crash.jsp
# The crash happened outside the Java Virtual Machine in native code.
# See problematic frame for where to report the bug.
#

---------------  T H R E A D  ---------------

Current thread (0x000000000ef61800):  JavaThread "AWT-EventQueue-0" [_thread_in_native, id=22912, stack(0x000000000ff20000,0x000000000ffa0000)]

siginfo: ExceptionCode=0xc0000005, reading address 0xffffffffffffffff

Registers:
EAX=0x000000006d000278, EBX=0x00000000444d7118, ECX=0x000000009e5161a0, EDX=0x000000000ff9eb60
ESP=0x000000000ff9eaa8, EBP=0x000000000ff9eb30, ESI=0x0000000044786548, EDI=0x000000003da75ac2
EIP=0x000000003abe4251, EFLAGS=0x0000000000010206

Top of Stack: (sp=0x000000000ff9eaa8)
0x000000000ff9eaa8:   000000003da81588 000000000ff9eb08
0x000000000ff9eab8:   0000000040b1bf88 0000000000000000
0x000000000ff9eac8:   0000000040ab30a8 0000000000000000
0x000000000ff9ead8:   000000000ff9eb08 000000000ff9eb50
0x000000000ff9eae8:   000000003da75ac2 000000000ff9eaf0
0x000000000ff9eaf8:   0000000000000000 000000000ff9eb60
0x000000000ff9eb08:   00000000444e1eb8 0000000000000000
0x000000000ff9eb18:   00000000444d7118 0000000000000000
0x000000000ff9eb28:   000000000ff9eb50 000000000ff9eba8
0x000000000ff9eb38:   000000003da75ac2 0000000000000000
0x000000000ff9eb48:   000000003da7de58 000000009e5161a0
0x000000000ff9eb58:   000000003da75ac2 000000005005d320
0x000000000ff9eb68:   000000000ff9eb68 00000000444d4ce2
0x000000000ff9eb78:   000000000ff9ebb8 00000000444e1eb8
0x000000000ff9eb88:   0000000000000000 00000000444d4d10
0x000000000ff9eb98:   000000000ff9eb50 000000000ff9ebc0 

Instructions: (pc=0x000000003abe4251)
0x000000003abe4241:   15 d2 bd 04 00 48 8b 03 48 8b cb 48 83 c4 20 5b
0x000000003abe4251:   48 ff a0 f8 01 00 00 cc cc cc cc cc cc cc cc 40 


Stack: [0x000000000ff20000,0x000000000ffa0000],  sp=0x000000000ff9eaa8,  free space=506k
Native frames: (J=compiled Java code, j=interpreted, Vv=VM code, C=native code)
C  0x000000003abe4251
j  com.mathworks.toolbox.sl3d.vrcanvas.VRGLCanvas.removeNotify()V+42

Java frames: (J=compiled Java code, j=interpreted, Vv=VM code)
j  com.mathworks.toolbox.sl3d.vrcanvas.VRGLCanvas.nativeUnregisterCanvas(J)V+0
j  com.mathworks.toolbox.sl3d.vrcanvas.VRGLCanvas.removeNotify()V+42
J  java.awt.Container.removeNotify()V
J  java.awt.Container.removeNotify()V
J  javax.swing.JComponent.removeNotify()V
J  java.awt.Container.removeNotify()V
J  java.awt.Container.removeNotify()V
J  javax.swing.JComponent.removeNotify()V
J  java.awt.Container.removeNotify()V
J  javax.swing.JComponent.removeNotify()V
J  java.awt.Container.removeNotify()V
J  javax.swing.JComponent.removeNotify()V
J  java.awt.Container.removeNotify()V
J  javax.swing.JComponent.removeNotify()V
J  java.awt.Container.removeNotify()V
J  javax.swing.JComponent.removeNotify()V
J  java.awt.Container.removeAll()V
j  com.mathworks.widgets.desk.DTFrame.dispose()V+122
j  com.mathworks.widgets.desk.DTSingleClientFrame.dispose()V+6
j  com.mathworks.hg.peer.FigureFrameProxy$FigureFrame.access$601(Lcom/mathworks/hg/peer/FigureFrameProxy$FigureFrame;)V+1
j  com.mathworks.hg.peer.FigureFrameProxy$FigureFrame$1.run()V+4
J  java.awt.event.InvocationEvent.dispatch()V
J  java.awt.EventDispatchThread.pumpOneEventForFilters(I)Z
J  java.awt.EventDispatchThread.pumpEventsForFilter(ILjava/awt/Conditional;Ljava/awt/EventFilter;)V
j  java.awt.EventDispatchThread.pumpEventsForHierarchy(ILjava/awt/Conditional;Ljava/awt/Component;)V+11
j  java.awt.EventDispatchThread.pumpEvents(ILjava/awt/Conditional;)V+4
j  java.awt.EventDispatchThread.pumpEvents(Ljava/awt/Conditional;)V+3
j  java.awt.EventDispatchThread.run()V+9
v  ~StubRoutines::call_stub

---------------  P R O C E S S  ---------------

Java Threads: ( => current thread )
  0x000000000e551800 JavaThread "FileDecorationCache request queue" [_thread_blocked, id=23468, stack(0x000000006ffc0000,0x0000000070040000)]
  0x000000000e550800 JavaThread "Thread-2337" [_thread_blocked, id=23216, stack(0x000000003af70000,0x000000003aff0000)]
  0x000000007cd03000 JavaThread "pool-8-thread-1" [_thread_blocked, id=22732, stack(0x000000001d7b0000,0x000000001d830000)]
  0x000000007cd06000 JavaThread "pool-6-thread-1" [_thread_blocked, id=23228, stack(0x0000000020f50000,0x0000000020fd0000)]
  0x000000007cd0a000 JavaThread "Code Analyzer updating thread" [_thread_blocked, id=23148, stack(0x0000000020be0000,0x0000000020c60000)]
  0x000000007cd06800 JavaThread "Code Analyzer updating thread" [_thread_blocked, id=22584, stack(0x00000000192c0000,0x0000000019340000)]
  0x000000000df48800 JavaThread "Prefs Updater" daemon [_thread_blocked, id=22624, stack(0x00000000193a0000,0x0000000019420000)]
  0x000000000df40000 JavaThread "Thread-54" [_thread_blocked, id=21812, stack(0x000000003c760000,0x000000003c7e0000)]
  0x000000000df48000 JavaThread "Code Analyzer updating thread" [_thread_blocked, id=22976, stack(0x000000006cad0000,0x000000006cb50000)]
  0x000000000df47800 JavaThread "Code Analyzer updating thread" [_thread_blocked, id=23032, stack(0x0000000069ed0000,0x0000000069f50000)]
  0x000000000df46800 JavaThread "Code Analyzer updating thread" [_thread_blocked, id=22888, stack(0x000000005d0e0000,0x000000005d160000)]
  0x000000000df46000 JavaThread "Code Analyzer updating thread" [_thread_blocked, id=22956, stack(0x0000000069fe0000,0x000000006a060000)]
  0x000000000df45000 JavaThread "Code Analyzer updating thread" [_thread_blocked, id=22392, stack(0x0000000059010000,0x0000000059090000)]
  0x000000000df44800 JavaThread "Code Analyzer updating thread" [_thread_blocked, id=22356, stack(0x00000000399f0000,0x0000000039a70000)]
  0x000000000df43800 JavaThread "Code Analyzer updating thread" [_thread_blocked, id=3488, stack(0x0000000069e30000,0x0000000069eb0000)]
  0x000000000df43000 JavaThread "Code Analyzer updating thread" [_thread_blocked, id=20376, stack(0x0000000069d00000,0x0000000069d80000)]
  0x000000000df42000 JavaThread "Active Reference Queue Daemon" daemon [_thread_blocked, id=23376, stack(0x0000000069bd0000,0x0000000069c50000)]
  0x000000000df41800 JavaThread "Timer-7" daemon [_thread_blocked, id=22652, stack(0x0000000069c50000,0x0000000069cd0000)]
  0x000000000df41000 JavaThread "Timer-6" daemon [_thread_blocked, id=22128, stack(0x0000000065330000,0x00000000653b0000)]
  0x000000000df3f800 JavaThread "Explorer NavigationContext request queue" [_thread_blocked, id=23076, stack(0x0000000035930000,0x00000000359b0000)]
  0x000000000df3d000 JavaThread "AddressBar directory emptiness poller" [_thread_blocked, id=22104, stack(0x0000000054e90000,0x0000000054f10000)]
  0x000000000df3b800 JavaThread "Timer-1" [_thread_blocked, id=22172, stack(0x0000000029550000,0x00000000295d0000)]
  0x000000000df3b000 JavaThread "TimerQueue" daemon [_thread_blocked, id=23156, stack(0x000000000dac0000,0x000000000db40000)]
  0x000000000f06a000 JavaThread "FelixPackageAdmin" daemon [_thread_blocked, id=22716, stack(0x0000000019040000,0x00000000190c0000)]
  0x000000000f069800 JavaThread "FelixStartLevel" daemon [_thread_blocked, id=23048, stack(0x000000001d110000,0x000000001d190000)]
  0x000000000f084000 JavaThread "FelixDispatchQueue" daemon [_thread_blocked, id=3456, stack(0x000000000fe90000,0x000000000ff10000)]
=>0x000000000ef61800 JavaThread "AWT-EventQueue-0" [_thread_in_native, id=22912, stack(0x000000000ff20000,0x000000000ffa0000)]
  0x000000000ed2f000 JavaThread "com.google.common.base.internal.Finalizer" daemon [_thread_blocked, id=22024, stack(0x000000000d900000,0x000000000d980000)]
  0x000000000edfc000 JavaThread "AWT-Windows" daemon [_thread_in_native, id=22820, stack(0x000000000fcd0000,0x000000000fd50000)]
  0x000000000e314000 JavaThread "AWT-Shutdown" [_thread_blocked, id=22580, stack(0x000000000fbd0000,0x000000000fc50000)]
  0x000000000e313800 JavaThread "Java2D Disposer" daemon [_thread_blocked, id=22704, stack(0x000000000f9d0000,0x000000000fa50000)]
  0x000000000eb32000 JavaThread "Timer-0" [_thread_blocked, id=23028, stack(0x000000000da40000,0x000000000dac0000)]
  0x000000000ea19000 JavaThread "EventMgr Dispatcher" daemon [_thread_in_native, id=23136, stack(0x0000000010e80000,0x0000000014e80000)]
  0x000000000d804000 JavaThread "Low Memory Detector" daemon [_thread_blocked, id=22600, stack(0x000000000db50000,0x000000000dbd0000)]
  0x000000000d800800 JavaThread "CompilerThread1" daemon [_thread_blocked, id=21788, stack(0x00000000840d0000,0x00000000880d0000)]
  0x000000000d7f5800 JavaThread "CompilerThread0" daemon [_thread_blocked, id=22788, stack(0x000000007fff0000,0x0000000083ff0000)]
  0x000000000d7f4000 JavaThread "Attach Listener" daemon [_thread_blocked, id=21384, stack(0x000000000cc70000,0x000000000ccf0000)]
  0x000000000d79c000 JavaThread "Finalizer" daemon [_thread_blocked, id=22904, stack(0x000000000d9a0000,0x000000000da20000)]
  0x000000000d795800 JavaThread "Reference Handler" daemon [_thread_blocked, id=22692, stack(0x000000000cba0000,0x000000000cc20000)]
  0x0000000005283800 JavaThread "main" [_thread_blocked, id=22564, stack(0x0000000000120000,0x0000000004120000)]

Other Threads:
  0x000000000d792800 VMThread [stack: 0x00000000653c0000,0x00000000693c0000] [id=22928]
  0x000000000d830000 WatcherThread [stack: 0x0000000088180000,0x000000008c180000] [id=22644]

VM state:not at safepoint (normal execution)

VM Mutex/Monitor currently owned by a thread: None

Heap
 PSYoungGen      total 44800K, used 3521K [0x0000000051d70000, 0x0000000054d60000, 0x0000000054e70000)
  eden space 44032K, 6% used [0x0000000051d70000,0x0000000052022dd0,0x0000000054870000)
  from space 768K, 98% used [0x0000000054ca0000,0x0000000054d5d940,0x0000000054d60000)
  to   space 1088K, 0% used [0x0000000054b40000,0x0000000054b40000,0x0000000054c50000)
 PSOldGen        total 132736K, used 127791K [0x0000000048a70000, 0x0000000050c10000, 0x0000000051d70000)
  object space 132736K, 96% used [0x0000000048a70000,0x000000005073bd10,0x0000000050c10000)
 PSPermGen       total 94528K, used 70343K [0x0000000040a70000, 0x00000000466c0000, 0x0000000048a70000)
  object space 94528K, 74% used [0x0000000040a70000,0x0000000044f21f88,0x00000000466c0000)

Dynamic libraries:
0x000000013fab0000 - 0x000000013fae2000 	C:\Program Files\MATLAB\R2012a\bin\win64\matlab.exe
0x0000000077be0000 - 0x0000000077d8a000 	C:\Windows\SYSTEM32\ntdll.dll
0x0000000077ac0000 - 0x0000000077bdf000 	C:\Windows\system32\kernel32.dll
0x000007fefdc40000 - 0x000007fefdcab000 	C:\Windows\system32\KERNELBASE.dll
0x0000000074460000 - 0x0000000074554000 	C:\Program Files\MATLAB\R2012a\bin\win64\libut.dll
0x00000000758a0000 - 0x0000000075952000 	C:\Program Files\MATLAB\R2012a\bin\win64\libmwi18n.dll
0x0000000180000000 - 0x000000018000b000 	C:\Program Files\MATLAB\R2012a\bin\win64\libmwresource_core.dll
0x0000000070d40000 - 0x0000000070e13000 	C:\Windows\WinSxS\amd64_microsoft.vc90.crt_1fc8b3b9a1e18e3b_9.0.30729.6161_none_08e61857a83bc251\MSVCP90.dll
0x0000000073a40000 - 0x0000000073ae3000 	C:\Windows\WinSxS\amd64_microsoft.vc90.crt_1fc8b3b9a1e18e3b_9.0.30729.6161_none_08e61857a83bc251\MSVCR90.dll
0x000000007a170000 - 0x000000007a19c000 	C:\Program Files\MATLAB\R2012a\bin\win64\boost_filesystem-vc90-mt-1_44.dll
0x000000007a560000 - 0x000000007a569000 	C:\Program Files\MATLAB\R2012a\bin\win64\boost_system-vc90-mt-1_44.dll
0x000007feff900000 - 0x000007feff9db000 	C:\Windows\system32\ADVAPI32.dll
0x000007feff650000 - 0x000007feff6ef000 	C:\Windows\system32\msvcrt.dll
0x000007feffb60000 - 0x000007feffb7f000 	C:\Windows\SYSTEM32\sechost.dll
0x000007feffa30000 - 0x000007feffb5d000 	C:\Windows\system32\RPCRT4.dll
0x000000007a010000 - 0x000000007a035000 	C:\Program Files\MATLAB\R2012a\bin\win64\LIBEXPAT.dll
0x000000006f7c0000 - 0x000000006f9b1000 	C:\Program Files\MATLAB\R2012a\bin\win64\icuin44.dll
0x000000006f320000 - 0x000000006f491000 	C:\Program Files\MATLAB\R2012a\bin\win64\icuuc44.dll
0x0000000010000000 - 0x0000000010e41000 	C:\Program Files\MATLAB\R2012a\bin\win64\icudt44.dll
0x0000000073f70000 - 0x00000000740ad000 	C:\Program Files\MATLAB\R2012a\bin\win64\libmwfl.dll
0x00000000042d0000 - 0x00000000045c6000 	C:\Program Files\MATLAB\R2012a\bin\win64\libmwMATLAB_res.dll
0x000000007a3b0000 - 0x000000007a3c0000 	C:\Program Files\MATLAB\R2012a\bin\win64\boost_date_time-vc90-mt-1_44.dll
0x000000007a250000 - 0x000000007a263000 	C:\Program Files\MATLAB\R2012a\bin\win64\boost_signals-vc90-mt-1_44.dll
0x000000007a2d0000 - 0x000000007a2e2000 	C:\Program Files\MATLAB\R2012a\bin\win64\boost_thread-vc90-mt-1_44.dll
0x00000000045d0000 - 0x0000000004616000 	C:\Program Files\MATLAB\R2012a\bin\win64\tbb.dll
0x000007feff630000 - 0x000007feff649000 	C:\Windows\system32\imagehlp.dll
0x0000000077db0000 - 0x0000000077db7000 	C:\Windows\system32\PSAPI.DLL
0x0000000073bd0000 - 0x0000000073be3000 	C:\Program Files\MATLAB\R2012a\bin\win64\icuio44.dll
0x000007fefafe0000 - 0x000007fefb105000 	C:\Windows\system32\dbghelp.dll
0x00000000779c0000 - 0x0000000077aba000 	C:\Windows\system32\USER32.dll
0x000007feff5c0000 - 0x000007feff627000 	C:\Windows\system32\GDI32.dll
0x000007feff850000 - 0x000007feff85e000 	C:\Windows\system32\LPK.dll
0x000007fefeed0000 - 0x000007fefef9a000 	C:\Windows\system32\USP10.dll
0x000000007bed0000 - 0x000000007c183000 	C:\Program Files\MATLAB\R2012a\bin\win64\libmwservices.dll
0x0000000075a20000 - 0x0000000075ae2000 	C:\Program Files\MATLAB\R2012a\bin\win64\libmx.dll
0x000000007a210000 - 0x000000007a228000 	C:\Program Files\MATLAB\R2012a\bin\win64\zlib1.dll
0x0000000004630000 - 0x0000000004651000 	C:\Program Files\MATLAB\R2012a\bin\win64\libmwmfl_scalar.dll
0x0000000075f10000 - 0x0000000075f5d000 	C:\Program Files\MATLAB\R2012a\bin\win64\mpath.dll
0x000000007b680000 - 0x000000007bbe1000 	C:\Program Files\MATLAB\R2012a\bin\win64\mlutil.dll
0x0000000073b50000 - 0x0000000073bcf000 	C:\Program Files\MATLAB\R2012a\bin\win64\xmlcore.dll
0x000000007bc30000 - 0x000000007be83000 	C:\Program Files\MATLAB\R2012a\bin\win64\xerces-c_2_7.dll
0x000007feff9e0000 - 0x000007feffa2d000 	C:\Windows\system32\WS2_32.dll
0x000007feffee0000 - 0x000007feffee8000 	C:\Windows\system32\NSI.dll
0x00000000046b0000 - 0x00000000046ca000 	C:\Program Files\MATLAB\R2012a\bin\win64\libmwMATLAB_settings_res.dll
0x00000000046e0000 - 0x0000000004727000 	C:\Program Files\MATLAB\R2012a\bin\win64\boost_serialization-vc90-mt-1_44.dll
0x000007fefe140000 - 0x000007fefeec9000 	C:\Windows\system32\SHELL32.dll
0x000007feff7d0000 - 0x000007feff841000 	C:\Windows\system32\SHLWAPI.dll
0x000007fef69f0000 - 0x000007fef6a90000 	C:\Windows\WinSxS\amd64_microsoft.windows.common-controls_6595b64144ccf1df_5.82.7601.18837_none_a4d981ff711297b6\COMCTL32.dll
0x000007feff860000 - 0x000007feff8f7000 	C:\Windows\system32\COMDLG32.dll
0x000007fefb9d0000 - 0x000007fefb9e6000 	C:\Windows\system32\NETAPI32.dll
0x000007fefb820000 - 0x000007fefb82c000 	C:\Windows\system32\netutils.dll
0x000007fefd400000 - 0x000007fefd423000 	C:\Windows\system32\srvcli.dll
0x000007fefb800000 - 0x000007fefb815000 	C:\Windows\system32\wkscli.dll
0x000007feffc50000 - 0x000007feffe53000 	C:\Windows\system32\ole32.dll
0x000007feff6f0000 - 0x000007feff7c7000 	C:\Windows\system32\OLEAUT32.dll
0x0000000074970000 - 0x0000000074b06000 	C:\Program Files\MATLAB\R2012a\bin\win64\mcr.dll
0x0000000075000000 - 0x000000007536b000 	C:\Program Files\MATLAB\R2012a\bin\win64\iqm.dll
0x000000006b2a0000 - 0x000000006bac1000 	C:\Program Files\MATLAB\R2012a\bin\win64\m_interpreter.dll
0x0000000073b20000 - 0x0000000073b45000 	C:\Program Files\MATLAB\R2012a\bin\win64\libmex.dll
0x0000000070c80000 - 0x0000000070d33000 	C:\Program Files\MATLAB\R2012a\bin\win64\m_dispatcher.dll
0x0000000074880000 - 0x000000007496d000 	C:\Program Files\MATLAB\R2012a\bin\win64\boost_regex-vc90-mt-1_44.dll
0x0000000070a70000 - 0x0000000070af4000 	C:\Program Files\MATLAB\R2012a\bin\win64\profiler.dll
0x00000000047b0000 - 0x0000000004a05000 	C:\Program Files\MATLAB\R2012a\bin\win64\libmwmathutil.dll
0x0000000079f40000 - 0x0000000079f6d000 	C:\Program Files\MATLAB\R2012a\bin\win64\libmwmathrng.dll
0x0000000074c10000 - 0x0000000074ced000 	C:\Program Files\MATLAB\R2012a\bin\win64\libmwmathcore.dll
0x0000000076160000 - 0x00000000761cb000 	C:\Program Files\MATLAB\R2012a\bin\win64\libmwspmatrix.dll
0x0000000075ea0000 - 0x0000000075f02000 	C:\Program Files\MATLAB\R2012a\bin\win64\libmwcholmod.dll
0x000000007a460000 - 0x000000007a46d000 	C:\Program Files\MATLAB\R2012a\bin\win64\libmwamd.dll
0x000000007a4b0000 - 0x000000007a4bc000 	C:\Program Files\MATLAB\R2012a\bin\win64\libmwcolamd.dll
0x0000000073b00000 - 0x0000000073b19000 	C:\Program Files\MATLAB\R2012a\bin\win64\libmwblas.dll
0x00000000734e0000 - 0x00000000734f2000 	C:\Program Files\MATLAB\R2012a\bin\win64\libmwbinder.dll
0x0000000073af0000 - 0x0000000073afb000 	C:\Program Files\MATLAB\R2012a\bin\win64\libmwompwrapper.dll
0x000000006f290000 - 0x000000006f316000 	C:\Program Files\MATLAB\R2012a\bin\win64\libmwlapack.dll
0x0000000071250000 - 0x0000000071271000 	C:\Program Files\MATLAB\R2012a\bin\win64\m_pcodeio.dll
0x0000000079b10000 - 0x0000000079b77000 	C:\Program Files\MATLAB\R2012a\bin\win64\m_ir.dll
0x000000006e770000 - 0x000000006edc0000 	C:\Program Files\MATLAB\R2012a\bin\win64\m_parser.dll
0x00000000711b0000 - 0x00000000711ca000 	C:\Program Files\MATLAB\R2012a\bin\win64\ir_xfmr.dll
0x000000006e4f0000 - 0x000000006e769000 	C:\Program Files\MATLAB\R2012a\bin\win64\mcos.dll
0x00000000732a0000 - 0x00000000732ac000 	C:\Program Files\MATLAB\R2012a\bin\win64\mtok.dll
0x0000000071170000 - 0x00000000711a1000 	C:\Program Files\MATLAB\R2012a\bin\win64\m_pcodegen.dll
0x0000000079fb0000 - 0x0000000079fe7000 	C:\Program Files\MATLAB\R2012a\bin\win64\libmwbridge.dll
0x000000006e420000 - 0x000000006e4e8000 	C:\Program Files\MATLAB\R2012a\bin\win64\udd.dll
0x000000006e2c0000 - 0x000000006e412000 	C:\Program Files\MATLAB\R2012a\bin\win64\libmwgui.dll
0x0000000070a50000 - 0x0000000070a67000 	C:\Program Files\MATLAB\R2012a\bin\win64\graphics_util.dll
0x000000006a8f0000 - 0x000000006b293000 	C:\Program Files\MATLAB\R2012a\bin\win64\hg.dll
0x0000000004b80000 - 0x0000000004be7000 	C:\Program Files\MATLAB\R2012a\bin\win64\libmat.dll
0x0000000072d30000 - 0x0000000072f44000 	C:\Program Files\MATLAB\R2012a\bin\win64\hdf5dll.dll
0x0000000075710000 - 0x00000000757c1000 	C:\Program Files\MATLAB\R2012a\bin\win64\jmi.dll
0x0000000004c20000 - 0x0000000004c2e000 	C:\Program Files\MATLAB\R2012a\bin\win64\nativejava_services.dll
0x0000000070660000 - 0x00000000706a2000 	C:\Program Files\MATLAB\R2012a\bin\win64\libmwhardcopy.dll
0x000000006ff40000 - 0x000000006ff9a000 	C:\Program Files\MATLAB\R2012a\bin\win64\libuij.dll
0x000000006d4e0000 - 0x000000006d6ec000 	C:\Program Files\MATLAB\R2012a\bin\win64\hgdatatypes.dll
0x000000006d3e0000 - 0x000000006d4dd000 	C:\Program Files\MATLAB\R2012a\bin\win64\hgutils.dll
0x000000006dff0000 - 0x000000006e0ad000 	C:\Program Files\MATLAB\R2012a\bin\win64\udd_mi.dll
0x0000000004c90000 - 0x0000000004ccb000 	C:\Program Files\MATLAB\R2012a\bin\win64\libmwgbtutils.dll
0x0000000004ce0000 - 0x0000000004cf9000 	C:\Program Files\MATLAB\R2012a\bin\win64\libmwgbt.dll
0x0000000004d10000 - 0x0000000004fda000 	C:\Program Files\MATLAB\R2012a\bin\win64\uiw.dll
0x00000000731d0000 - 0x00000000731df000 	C:\Program Files\MATLAB\R2012a\bin\win64\uinone.dll
0x000007fefb1e0000 - 0x000007fefb1f8000 	C:\Windows\system32\MPR.dll
0x000000006a400000 - 0x000000006a8e4000 	C:\Windows\WinSxS\amd64_microsoft.vc90.mfc_1fc8b3b9a1e18e3b_9.0.30729.6161_none_044aad0bab1eb146\mfc90.dll
0x000007fef75b0000 - 0x000007fef75b7000 	C:\Windows\system32\MSIMG32.dll
0x000007fef91a0000 - 0x000007fef9211000 	C:\Windows\system32\WINSPOOL.DRV
0x0000000070a30000 - 0x0000000070a50000 	C:\Program Files\MATLAB\R2012a\bin\win64\mwoles05.DLL
0x000000006d360000 - 0x000000006d3dc000 	C:\Program Files\MATLAB\R2012a\bin\win64\comcli.dll
0x0000000070630000 - 0x000000007065f000 	C:\Windows\WinSxS\amd64_microsoft.vc90.atl_1fc8b3b9a1e18e3b_9.0.30729.6161_none_0a1fd3a3a768b895\ATL90.DLL
0x00000000726d0000 - 0x00000000726dc000 	C:\Program Files\MATLAB\R2012a\bin\win64\mlautoregister.dll
0x0000000005030000 - 0x0000000005040000 	C:\Program Files\MATLAB\R2012a\bin\win64\boost_iostreams-vc90-mt-1_44.dll
0x000007feffc20000 - 0x000007feffc4e000 	C:\Windows\system32\IMM32.DLL
0x000007feff4b0000 - 0x000007feff5b9000 	C:\Windows\system32\MSCTF.dll
0x000007fefc330000 - 0x000007fefc386000 	C:\Windows\system32\UxTheme.dll
0x000007fefc2c0000 - 0x000007fefc2d8000 	C:\Windows\system32\dwmapi.dll
0x0000000071240000 - 0x000000007124d000 	C:\Windows\WinSxS\amd64_microsoft.vc90.mfcloc_1fc8b3b9a1e18e3b_9.0.30729.6161_none_01c9581e60cbee58\MFC90ENU.DLL
0x00000000051c0000 - 0x00000000051e9000 	C:\Program Files\MATLAB\R2012a\bin\win64\tbbmalloc.dll
0x0000000078870000 - 0x0000000078ecd000 	C:\Program Files\MATLAB\R2012a\sys\java\jre\win64\jre\bin\server\jvm.dll
0x000007fefb4c0000 - 0x000007fefb4fb000 	C:\Windows\system32\WINMM.dll
0x000007fefd960000 - 0x000007fefd96f000 	C:\Windows\system32\profapi.dll
0x0000000070a20000 - 0x0000000070a23000 	C:\Windows\system32\icmp.Dll
0x000007fefb510000 - 0x000007fefb537000 	C:\Windows\system32\iphlpapi.DLL
0x000007fefb500000 - 0x000007fefb50b000 	C:\Windows\system32\WINNSI.DLL
0x000007fefd870000 - 0x000007fefd895000 	C:\Windows\system32\SspiCli.dll
0x000007fefb2a0000 - 0x000007fefb2b5000 	C:\Windows\system32\NLAapi.dll
0x000007fef9360000 - 0x000007fef9375000 	C:\Windows\system32\napinsp.dll
0x000007fef9340000 - 0x000007fef9359000 	C:\Windows\system32\pnrpnsp.dll
0x000007fefd0c0000 - 0x000007fefd115000 	C:\Windows\System32\mswsock.dll
0x000007fefcef0000 - 0x000007fefcf4b000 	C:\Windows\system32\DNSAPI.dll
0x000007fef9330000 - 0x000007fef933b000 	C:\Windows\System32\winrnr.dll
0x00000000746e0000 - 0x0000000074706000 	C:\Program Files\Bonjour\mdnsNSP.dll
0x000007fef9320000 - 0x000007fef9330000 	C:\Windows\system32\wshbth.dll

VM Arguments:
jvm_args: -Xss512k -XX:PermSize=32m -Xms64m -XX:NewRatio=3 -XX:MaxPermSize=128m -Xmx196m -XX:MaxDirectMemorySize=2147400000 -Dsun.java2d.noddraw=true -Dsun.awt.nopixfmt=true -Xshare:off -Xrs -Dsun.awt.disableMixing=true -Djava.library.path=C:\Program Files\MATLAB\R2012a\bin\win64 vfprintf abort 
java_command: <unknown>
Launcher Type: generic

Environment Variables:
PATH=C:\Program Files\MATLAB\R2012a\toolbox\sl3d\orbisnap\bin\win64;F:\gstreamer-sdk\0.10\x86_64\bin;C:\Program Files (x86)\CollabNet\Subversion Client;C:\Program Files (x86)\Embarcadero\RAD Studio\8.0\bin;C:\Users\Public\Documents\RAD Studio\8.0\Bpl;C:\Windows\system32;C:\Windows;C:\Windows\System32\Wbem;C:\Windows\System32\WindowsPowerShell\v1.0\;C:\Program Files\MATLAB\R2012a\runtime\win64;C:\Program Files\MATLAB\R2012a\bin;C:\Program Files\TortoiseHg\;C:\Program Files (x86)\Microsoft SQL Server\90\Tools\binn\;C:\Program Files (x86)\PsychoPy2\DLLs;C:\Program Files\SlikSvn\bin;C:\Panda3d-1.8.0\python;C:\Program Files\Git\cmd;C:\Windows\system32\config\systemprofile\.dnx\bin;C:\Program Files\Microsoft DNX\Dnvm\;C:\Program Files (x86)\CollabNet\Subversion Client;C:\Program Files (x86)\Embarcadero\RAD Studio\8.0\bin;C:\Users\Public\Documents\RAD Studio\8.0\Bpl;C:\Windows\system32;C:\Windows;C:\Windows\System32\Wbem;C:\Windows\System32\WindowsPowerShell\v1.0\;C:\Program Files\MATLAB\R2012a\runtime\win64;C:\Program Files\MATLAB\R2012a\bin;C:\Program Files\TortoiseHg\;C:\Program Files (x86)\Microsoft SQL Server\90\Tools\binn\;C:\Program Files (x86)\PsychoPy2\DLLs;C:\Program Files\SlikSvn\bin;C:\DEVEL\Panda3d-1.8.0-x64-LSL\python;C:\Panda3D-1.8.0\python;C:\Panda3D-1.8.0\bin;C:\Program Files (x86)\PsychoPy2;E:\Program Files\SR Research\EyeLink\libs;E:\Program Files\SR Research\EyeLink\bin;C:\Panda3d-1.8.0-x64-LSL\python
USERNAME=mobi
OS=Windows_NT
PROCESSOR_IDENTIFIER=Intel64 Family 6 Model 26 Stepping 5, GenuineIntel



---------------  S Y S T E M  ---------------

OS: Windows 7 Build 7601 Service Pack 1

CPU:total 4 (8 cores per cpu, 2 threads per core) family 6 model 26 stepping 5, cmov, cx8, fxsr, mmx, sse, sse2, sse3, ssse3, sse4.1, sse4.2, ht

Memory: 4k page, physical 25156728k(20701892k free), swap 50311620k(45765052k free)

vm_info: Java HotSpot(TM) 64-Bit Server VM (14.3-b01) for windows-amd64 JRE (1.6.0_17-b04), built on Oct 11 2009 00:46:08 by "java_re" with MS VC++ 8.0

time: Wed Mar 02 17:55:36 2016
elapsed time: 10262 seconds

