#
# A fatal error has been detected by the Java Runtime Environment:
#
#  Internal Error (os_windows_x86.cpp:114), pid=1508, tid=5588
#  Error: guarantee(result == -1,"Unexpected result from topLevelExceptionFilter")
#
# JRE version: 6.0_17-b04
# Java VM: Java HotSpot(TM) 64-Bit Server VM (14.3-b01 mixed mode windows-amd64 )
# If you would like to submit a bug report, please visit:
#   http://java.sun.com/webapps/bugreport/crash.jsp
# The crash happened outside the Java Virtual Machine in native code.
# See problematic frame for where to report the bug.
#

---------------  T H R E A D  ---------------

Current thread (0x0000000005283800):  JavaThread "main" [_thread_in_native, id=5588, stack(0x0000000000190000,0x0000000004190000)]

Stack: [0x0000000000190000,0x0000000004190000]
[error occurred during error reporting (printing stack bounds), id 0xc0000005]

Java frames: (J=compiled Java code, j=interpreted, Vv=VM code)
J  com.mathworks.jmi.NativeMatlab.SendMatlabMessage(Ljava/lang/Object;)Ljava/lang/Object;
J  com.mathworks.jmi.Matlab.mtFevalConsoleOutput(Ljava/lang/String;[Ljava/lang/Object;I)Ljava/lang/Object;
J  com.mathworks.jmi.NativeMatlab.dispatchMTRequests(Z)V
v  ~StubRoutines::call_stub

---------------  P R O C E S S  ---------------

Java Threads: ( => current thread )
  0x0000000062861000 JavaThread "FileDecorationCache request queue" [_thread_blocked, id=21072, stack(0x00000000184d0000,0x0000000018550000)]
  0x000000007039b000 JavaThread "Prefs Updater" daemon [_thread_blocked, id=6768, stack(0x0000000016480000,0x0000000016500000)]
  0x0000000062860000 JavaThread "Thread-50" [_thread_blocked, id=2596, stack(0x0000000039c50000,0x0000000039cd0000)]
  0x000000006285a800 JavaThread "Code Analyzer updating thread" [_thread_blocked, id=5960, stack(0x0000000072330000,0x00000000723b0000)]
  0x0000000062859800 JavaThread "Code Analyzer updating thread" [_thread_blocked, id=188, stack(0x00000000720c0000,0x0000000072140000)]
  0x0000000062859000 JavaThread "Code Analyzer updating thread" [_thread_blocked, id=5440, stack(0x0000000071f50000,0x0000000071fd0000)]
  0x0000000062858000 JavaThread "Code Analyzer updating thread" [_thread_blocked, id=5332, stack(0x0000000071c50000,0x0000000071cd0000)]
  0x0000000062857800 JavaThread "Code Analyzer updating thread" [_thread_blocked, id=5132, stack(0x0000000070f00000,0x0000000070f80000)]
  0x000000007039c000 JavaThread "Code Analyzer updating thread" [_thread_blocked, id=3912, stack(0x0000000035c90000,0x0000000035d10000)]
  0x0000000062857000 JavaThread "Code Analyzer updating thread" [_thread_blocked, id=6000, stack(0x0000000071d10000,0x0000000071d90000)]
  0x0000000062856000 JavaThread "Code Analyzer updating thread" [_thread_blocked, id=5668, stack(0x00000000719b0000,0x0000000071a30000)]
  0x00000000703a7800 JavaThread "Code Analyzer updating thread" [_thread_blocked, id=4576, stack(0x0000000071e60000,0x0000000071ee0000)]
  0x00000000703a7000 JavaThread "Code Analyzer updating thread" [_thread_blocked, id=5488, stack(0x0000000071bc0000,0x0000000071c40000)]
  0x00000000703a5800 JavaThread "Code Analyzer updating thread" [_thread_blocked, id=5064, stack(0x0000000071b30000,0x0000000071bb0000)]
  0x00000000703a4800 JavaThread "Code Analyzer updating thread" [_thread_blocked, id=5424, stack(0x0000000071a80000,0x0000000071b00000)]
  0x00000000703a4000 JavaThread "Code Analyzer updating thread" [_thread_blocked, id=4540, stack(0x000000006ae90000,0x000000006af10000)]
  0x00000000703a3000 JavaThread "Code Analyzer updating thread" [_thread_blocked, id=4760, stack(0x00000000717c0000,0x0000000071840000)]
  0x00000000703a2800 JavaThread "Code Analyzer updating thread" [_thread_blocked, id=5560, stack(0x0000000071500000,0x0000000071580000)]
  0x00000000703a1800 JavaThread "Code Analyzer updating thread" [_thread_blocked, id=1444, stack(0x0000000071650000,0x00000000716d0000)]
  0x00000000703a1000 JavaThread "Code Analyzer updating thread" [_thread_blocked, id=4252, stack(0x0000000071710000,0x0000000071790000)]
  0x00000000703a0800 JavaThread "Code Analyzer updating thread" [_thread_blocked, id=5660, stack(0x00000000715b0000,0x0000000071630000)]
  0x000000007039d800 JavaThread "Active Reference Queue Daemon" daemon [_thread_blocked, id=4268, stack(0x0000000071410000,0x0000000071490000)]
  0x000000007039e000 JavaThread "Timer-8" daemon [_thread_blocked, id=3092, stack(0x0000000062a70000,0x0000000062af0000)]
  0x000000007039f000 JavaThread "Timer-7" daemon [_thread_blocked, id=5388, stack(0x0000000071030000,0x00000000710b0000)]
  0x000000007039c800 JavaThread "Explorer NavigationContext request queue" [_thread_blocked, id=2980, stack(0x00000000712c0000,0x0000000071340000)]
  0x000000007039a800 JavaThread "AddressBar directory emptiness poller" [_thread_blocked, id=5024, stack(0x0000000071120000,0x00000000711a0000)]
  0x0000000070399000 JavaThread "Timer-1" [_thread_blocked, id=1324, stack(0x0000000070fb0000,0x0000000071030000)]
  0x0000000070398800 JavaThread "TimerQueue" daemon [_thread_blocked, id=5916, stack(0x0000000062b50000,0x0000000062bd0000)]
  0x0000000070465000 JavaThread "FelixPackageAdmin" daemon [_thread_blocked, id=6016, stack(0x00000000628f0000,0x0000000062970000)]
  0x0000000070464800 JavaThread "FelixStartLevel" daemon [_thread_blocked, id=2988, stack(0x000000005a000000,0x000000005a080000)]
  0x0000000070228000 JavaThread "FelixDispatchQueue" daemon [_thread_blocked, id=5568, stack(0x000000005e190000,0x000000005e210000)]
  0x0000000070233000 JavaThread "AWT-EventQueue-0" [_thread_blocked, id=2700, stack(0x0000000051ef0000,0x0000000051f70000)]
  0x0000000070157800 JavaThread "com.google.common.base.internal.Finalizer" daemon [_thread_blocked, id=5204, stack(0x000000002d8d0000,0x000000002d950000)]
  0x00000000701b6800 JavaThread "AWT-Windows" daemon [_thread_in_native, id=5572, stack(0x00000000152c0000,0x0000000015340000)]
  0x00000000701b5800 JavaThread "AWT-Shutdown" [_thread_blocked, id=2064, stack(0x0000000031a10000,0x0000000031a90000)]
  0x00000000701b5000 JavaThread "Java2D Disposer" daemon [_thread_blocked, id=3524, stack(0x000000002d960000,0x000000002d9e0000)]
  0x000000006ff2d000 JavaThread "Timer-0" [_thread_blocked, id=4668, stack(0x0000000025630000,0x00000000256b0000)]
  0x0000000064f37000 JavaThread "EventMgr Dispatcher" daemon [_thread_in_native, id=4208, stack(0x000000000bae0000,0x000000000fae0000)]
  0x0000000062396000 JavaThread "Low Memory Detector" daemon [_thread_blocked, id=5308, stack(0x00000000297f0000,0x0000000029870000)]
  0x0000000062392800 JavaThread "CompilerThread1" daemon [_thread_blocked, id=1048, stack(0x000000007fff0000,0x0000000083ff0000)]
  0x0000000062387800 JavaThread "CompilerThread0" daemon [_thread_blocked, id=3568, stack(0x000000006af20000,0x000000006ef20000)]
  0x0000000062386000 JavaThread "Attach Listener" daemon [_thread_blocked, id=4416, stack(0x00000000255b0000,0x0000000025630000)]
  0x000000006232c000 JavaThread "Finalizer" daemon [_thread_blocked, id=5208, stack(0x00000000214d0000,0x0000000021550000)]
  0x0000000062326000 JavaThread "Reference Handler" daemon [_thread_blocked, id=4176, stack(0x0000000015210000,0x0000000015290000)]
=>0x0000000005283800 JavaThread "main" [_thread_in_native, id=5588, stack(0x0000000000190000,0x0000000004190000)]

Other Threads:
  0x0000000062322800 VMThread [stack: 0x0000000066e90000,0x000000006ae90000] [id=4352]
  0x00000000623c2000 WatcherThread [stack: 0x0000000084130000,0x0000000088130000] [id=5972]

VM state:not at safepoint (normal execution)

VM Mutex/Monitor currently owned by a thread: None

Heap
 PSYoungGen      total 43328K, used 18363K [0x000000004ed90000, 0x0000000051e90000, 0x0000000051e90000)
  eden space 41984K, 40% used [0x000000004ed90000,0x000000004fe3c490,0x0000000051690000)
  from space 1344K, 96% used [0x0000000051690000,0x00000000517d29a8,0x00000000517e0000)
  to   space 4224K, 0% used [0x0000000051a70000,0x0000000051a70000,0x0000000051e90000)
 PSOldGen        total 150528K, used 139398K [0x0000000045a90000, 0x000000004ed90000, 0x000000004ed90000)
  object space 150528K, 92% used [0x0000000045a90000,0x000000004e2b18e0,0x000000004ed90000)
 PSPermGen       total 112512K, used 62887K [0x000000003da90000, 0x0000000044870000, 0x0000000045a90000)
  object space 112512K, 55% used [0x000000003da90000,0x00000000417f9e98,0x0000000044870000)

Dynamic libraries:
0x000000013fcf0000 - 0x000000013fd22000 	C:\Program Files\MATLAB\R2012a\bin\win64\matlab.exe
0x00000000777d0000 - 0x000000007797a000 	C:\Windows\SYSTEM32\ntdll.dll
0x00000000776b0000 - 0x00000000777cf000 	C:\Windows\system32\kernel32.dll
0x000007fefd6c0000 - 0x000007fefd72a000 	C:\Windows\system32\KERNELBASE.dll
0x0000000074460000 - 0x0000000074554000 	C:\Program Files\MATLAB\R2012a\bin\win64\libut.dll
0x00000000758a0000 - 0x0000000075952000 	C:\Program Files\MATLAB\R2012a\bin\win64\libmwi18n.dll
0x0000000180000000 - 0x000000018000b000 	C:\Program Files\MATLAB\R2012a\bin\win64\libmwresource_core.dll
0x0000000066c40000 - 0x0000000066d13000 	C:\Windows\WinSxS\amd64_microsoft.vc90.crt_1fc8b3b9a1e18e3b_9.0.30729.6161_none_08e61857a83bc251\MSVCP90.dll
0x0000000072250000 - 0x00000000722f3000 	C:\Windows\WinSxS\amd64_microsoft.vc90.crt_1fc8b3b9a1e18e3b_9.0.30729.6161_none_08e61857a83bc251\MSVCR90.dll
0x000000007a170000 - 0x000000007a19c000 	C:\Program Files\MATLAB\R2012a\bin\win64\boost_filesystem-vc90-mt-1_44.dll
0x000000007a560000 - 0x000000007a569000 	C:\Program Files\MATLAB\R2012a\bin\win64\boost_system-vc90-mt-1_44.dll
0x000007feff980000 - 0x000007feffa5b000 	C:\Windows\system32\ADVAPI32.dll
0x000007fefd9e0000 - 0x000007fefda7f000 	C:\Windows\system32\msvcrt.dll
0x000007feff960000 - 0x000007feff97f000 	C:\Windows\SYSTEM32\sechost.dll
0x000007fefe300000 - 0x000007fefe42d000 	C:\Windows\system32\RPCRT4.dll
0x000000007a010000 - 0x000000007a035000 	C:\Program Files\MATLAB\R2012a\bin\win64\LIBEXPAT.dll
0x0000000066a40000 - 0x0000000066c31000 	C:\Program Files\MATLAB\R2012a\bin\win64\icuin44.dll
0x00000000668c0000 - 0x0000000066a31000 	C:\Program Files\MATLAB\R2012a\bin\win64\icuuc44.dll
0x0000000010000000 - 0x0000000010e41000 	C:\Program Files\MATLAB\R2012a\bin\win64\icudt44.dll
0x0000000073f70000 - 0x00000000740ad000 	C:\Program Files\MATLAB\R2012a\bin\win64\libmwfl.dll
0x0000000004250000 - 0x0000000004546000 	C:\Program Files\MATLAB\R2012a\bin\win64\libmwMATLAB_res.dll
0x000000007a3b0000 - 0x000000007a3c0000 	C:\Program Files\MATLAB\R2012a\bin\win64\boost_date_time-vc90-mt-1_44.dll
0x000000007a250000 - 0x000000007a263000 	C:\Program Files\MATLAB\R2012a\bin\win64\boost_signals-vc90-mt-1_44.dll
0x000000007a2d0000 - 0x000000007a2e2000 	C:\Program Files\MATLAB\R2012a\bin\win64\boost_thread-vc90-mt-1_44.dll
0x0000000004590000 - 0x00000000045d6000 	C:\Program Files\MATLAB\R2012a\bin\win64\tbb.dll
0x000007fefd8d0000 - 0x000007fefd8e9000 	C:\Windows\system32\imagehlp.dll
0x0000000077990000 - 0x0000000077997000 	C:\Windows\system32\PSAPI.DLL
0x0000000071990000 - 0x00000000719a3000 	C:\Program Files\MATLAB\R2012a\bin\win64\icuio44.dll
0x000007fef8c10000 - 0x000007fef8d35000 	C:\Windows\system32\dbghelp.dll
0x00000000775b0000 - 0x00000000776aa000 	C:\Windows\system32\USER32.dll
0x000007fefdb60000 - 0x000007fefdbc7000 	C:\Windows\system32\GDI32.dll
0x000007fefe530000 - 0x000007fefe53e000 	C:\Windows\system32\LPK.dll
0x000007fefe460000 - 0x000007fefe52a000 	C:\Windows\system32\USP10.dll
0x000000007bed0000 - 0x000000007c183000 	C:\Program Files\MATLAB\R2012a\bin\win64\libmwservices.dll
0x0000000075a20000 - 0x0000000075ae2000 	C:\Program Files\MATLAB\R2012a\bin\win64\libmx.dll
0x000000007a210000 - 0x000000007a228000 	C:\Program Files\MATLAB\R2012a\bin\win64\zlib1.dll
0x0000000004630000 - 0x0000000004651000 	C:\Program Files\MATLAB\R2012a\bin\win64\libmwmfl_scalar.dll
0x0000000075f10000 - 0x0000000075f5d000 	C:\Program Files\MATLAB\R2012a\bin\win64\mpath.dll
0x000000007b680000 - 0x000000007bbe1000 	C:\Program Files\MATLAB\R2012a\bin\win64\mlutil.dll
0x0000000071910000 - 0x000000007198f000 	C:\Program Files\MATLAB\R2012a\bin\win64\xmlcore.dll
0x000000007bc30000 - 0x000000007be83000 	C:\Program Files\MATLAB\R2012a\bin\win64\xerces-c_2_7.dll
0x000007fefd990000 - 0x000007fefd9dd000 	C:\Windows\system32\WS2_32.dll
0x000007fefe6b0000 - 0x000007fefe6b8000 	C:\Windows\system32\NSI.dll
0x00000000046b0000 - 0x00000000046ca000 	C:\Program Files\MATLAB\R2012a\bin\win64\libmwMATLAB_settings_res.dll
0x00000000046e0000 - 0x0000000004727000 	C:\Program Files\MATLAB\R2012a\bin\win64\boost_serialization-vc90-mt-1_44.dll
0x000007fefeb30000 - 0x000007feff8b9000 	C:\Windows\system32\SHELL32.dll
0x000007feffa60000 - 0x000007feffad1000 	C:\Windows\system32\SHLWAPI.dll
0x000007fefa8a0000 - 0x000007fefa940000 	C:\Windows\WinSxS\amd64_microsoft.windows.common-controls_6595b64144ccf1df_5.82.7601.18837_none_a4d981ff711297b6\COMCTL32.dll
0x000007fefd8f0000 - 0x000007fefd987000 	C:\Windows\system32\COMDLG32.dll
0x000007fefb250000 - 0x000007fefb266000 	C:\Windows\system32\NETAPI32.dll
0x000007fefb240000 - 0x000007fefb24c000 	C:\Windows\system32\netutils.dll
0x000007fefcf20000 - 0x000007fefcf43000 	C:\Windows\system32\srvcli.dll
0x000007fefb220000 - 0x000007fefb235000 	C:\Windows\system32\wkscli.dll
0x000007fefe920000 - 0x000007fefeb23000 	C:\Windows\system32\ole32.dll
0x000007fefda80000 - 0x000007fefdb58000 	C:\Windows\system32\OLEAUT32.dll
0x0000000074970000 - 0x0000000074b06000 	C:\Program Files\MATLAB\R2012a\bin\win64\mcr.dll
0x0000000075000000 - 0x000000007536b000 	C:\Program Files\MATLAB\R2012a\bin\win64\iqm.dll
0x0000000066090000 - 0x00000000668b1000 	C:\Program Files\MATLAB\R2012a\bin\win64\m_interpreter.dll
0x0000000066dd0000 - 0x0000000066df5000 	C:\Program Files\MATLAB\R2012a\bin\win64\libmex.dll
0x0000000065fd0000 - 0x0000000066083000 	C:\Program Files\MATLAB\R2012a\bin\win64\m_dispatcher.dll
0x0000000074880000 - 0x000000007496d000 	C:\Program Files\MATLAB\R2012a\bin\win64\boost_regex-vc90-mt-1_44.dll
0x0000000066d40000 - 0x0000000066dc4000 	C:\Program Files\MATLAB\R2012a\bin\win64\profiler.dll
0x00000000047b0000 - 0x0000000004a05000 	C:\Program Files\MATLAB\R2012a\bin\win64\libmwmathutil.dll
0x0000000079f40000 - 0x0000000079f6d000 	C:\Program Files\MATLAB\R2012a\bin\win64\libmwmathrng.dll
0x0000000074c10000 - 0x0000000074ced000 	C:\Program Files\MATLAB\R2012a\bin\win64\libmwmathcore.dll
0x0000000076160000 - 0x00000000761cb000 	C:\Program Files\MATLAB\R2012a\bin\win64\libmwspmatrix.dll
0x0000000075ea0000 - 0x0000000075f02000 	C:\Program Files\MATLAB\R2012a\bin\win64\libmwcholmod.dll
0x000000007a460000 - 0x000000007a46d000 	C:\Program Files\MATLAB\R2012a\bin\win64\libmwamd.dll
0x000000007a4b0000 - 0x000000007a4bc000 	C:\Program Files\MATLAB\R2012a\bin\win64\libmwcolamd.dll
0x00000000718f0000 - 0x0000000071909000 	C:\Program Files\MATLAB\R2012a\bin\win64\libmwblas.dll
0x0000000066e70000 - 0x0000000066e82000 	C:\Program Files\MATLAB\R2012a\bin\win64\libmwbinder.dll
0x000000006fd50000 - 0x000000006fd5b000 	C:\Program Files\MATLAB\R2012a\bin\win64\libmwompwrapper.dll
0x0000000065eb0000 - 0x0000000065f36000 	C:\Program Files\MATLAB\R2012a\bin\win64\libmwlapack.dll
0x0000000065fa0000 - 0x0000000065fc1000 	C:\Program Files\MATLAB\R2012a\bin\win64\m_pcodeio.dll
0x0000000079b10000 - 0x0000000079b77000 	C:\Program Files\MATLAB\R2012a\bin\win64\m_ir.dll
0x0000000063aa0000 - 0x00000000640f0000 	C:\Program Files\MATLAB\R2012a\bin\win64\m_parser.dll
0x0000000066d20000 - 0x0000000066d3a000 	C:\Program Files\MATLAB\R2012a\bin\win64\ir_xfmr.dll
0x0000000065c30000 - 0x0000000065ea9000 	C:\Program Files\MATLAB\R2012a\bin\win64\mcos.dll
0x0000000065f90000 - 0x0000000065f9c000 	C:\Program Files\MATLAB\R2012a\bin\win64\mtok.dll
0x0000000065f50000 - 0x0000000065f81000 	C:\Program Files\MATLAB\R2012a\bin\win64\m_pcodegen.dll
0x0000000079fb0000 - 0x0000000079fe7000 	C:\Program Files\MATLAB\R2012a\bin\win64\libmwbridge.dll
0x0000000064670000 - 0x0000000064738000 	C:\Program Files\MATLAB\R2012a\bin\win64\udd.dll
0x0000000065ad0000 - 0x0000000065c22000 	C:\Program Files\MATLAB\R2012a\bin\win64\libmwgui.dll
0x0000000065ab0000 - 0x0000000065ac7000 	C:\Program Files\MATLAB\R2012a\bin\win64\graphics_util.dll
0x00000000630f0000 - 0x0000000063a93000 	C:\Program Files\MATLAB\R2012a\bin\win64\hg.dll
0x0000000004b80000 - 0x0000000004be7000 	C:\Program Files\MATLAB\R2012a\bin\win64\libmat.dll
0x0000000072d30000 - 0x0000000072f44000 	C:\Program Files\MATLAB\R2012a\bin\win64\hdf5dll.dll
0x0000000075710000 - 0x00000000757c1000 	C:\Program Files\MATLAB\R2012a\bin\win64\jmi.dll
0x0000000004c20000 - 0x0000000004c2e000 	C:\Program Files\MATLAB\R2012a\bin\win64\nativejava_services.dll
0x0000000064620000 - 0x0000000064662000 	C:\Program Files\MATLAB\R2012a\bin\win64\libmwhardcopy.dll
0x00000000645c0000 - 0x000000006461a000 	C:\Program Files\MATLAB\R2012a\bin\win64\libuij.dll
0x00000000643b0000 - 0x00000000645bc000 	C:\Program Files\MATLAB\R2012a\bin\win64\hgdatatypes.dll
0x00000000642b0000 - 0x00000000643ad000 	C:\Program Files\MATLAB\R2012a\bin\win64\hgutils.dll
0x00000000641f0000 - 0x00000000642ad000 	C:\Program Files\MATLAB\R2012a\bin\win64\udd_mi.dll
0x0000000004c90000 - 0x0000000004ccb000 	C:\Program Files\MATLAB\R2012a\bin\win64\libmwgbtutils.dll
0x0000000004ce0000 - 0x0000000004cf9000 	C:\Program Files\MATLAB\R2012a\bin\win64\libmwgbt.dll
0x0000000004d10000 - 0x0000000004fda000 	C:\Program Files\MATLAB\R2012a\bin\win64\uiw.dll
0x0000000065f40000 - 0x0000000065f4f000 	C:\Program Files\MATLAB\R2012a\bin\win64\uinone.dll
0x000007fef88a0000 - 0x000007fef88b8000 	C:\Windows\system32\MPR.dll
0x0000000062c00000 - 0x00000000630e4000 	C:\Windows\WinSxS\amd64_microsoft.vc90.mfc_1fc8b3b9a1e18e3b_9.0.30729.6161_none_044aad0bab1eb146\mfc90.dll
0x000007fefa940000 - 0x000007fefa947000 	C:\Windows\system32\MSIMG32.dll
0x000007fefa820000 - 0x000007fefa891000 	C:\Windows\system32\WINSPOOL.DRV
0x00000000641d0000 - 0x00000000641f0000 	C:\Program Files\MATLAB\R2012a\bin\win64\mwoles05.DLL
0x0000000064150000 - 0x00000000641cc000 	C:\Program Files\MATLAB\R2012a\bin\win64\comcli.dll
0x0000000064120000 - 0x000000006414f000 	C:\Windows\WinSxS\amd64_microsoft.vc90.atl_1fc8b3b9a1e18e3b_9.0.30729.6161_none_0a1fd3a3a768b895\ATL90.DLL
0x0000000065aa0000 - 0x0000000065aac000 	C:\Program Files\MATLAB\R2012a\bin\win64\mlautoregister.dll
0x0000000005030000 - 0x0000000005040000 	C:\Program Files\MATLAB\R2012a\bin\win64\boost_iostreams-vc90-mt-1_44.dll
0x000007fefe430000 - 0x000007fefe45e000 	C:\Windows\system32\IMM32.DLL
0x000007fefe540000 - 0x000007fefe649000 	C:\Windows\system32\MSCTF.dll
0x000007fefbab0000 - 0x000007fefbb06000 	C:\Windows\system32\UxTheme.dll
0x000007fefb580000 - 0x000007fefb598000 	C:\Windows\system32\dwmapi.dll
0x0000000064110000 - 0x000000006411d000 	C:\Windows\WinSxS\amd64_microsoft.vc90.mfcloc_1fc8b3b9a1e18e3b_9.0.30729.6161_none_01c9581e60cbee58\MFC90ENU.DLL
0x0000000005340000 - 0x0000000005369000 	C:\Program Files\MATLAB\R2012a\bin\win64\tbbmalloc.dll
0x0000000078870000 - 0x0000000078ecd000 	C:\Program Files\MATLAB\R2012a\sys\java\jre\win64\jre\bin\server\jvm.dll
0x000007fefa950000 - 0x000007fefa98b000 	C:\Windows\system32\WINMM.dll
0x000007fefd520000 - 0x000007fefd52f000 	C:\Windows\system32\profapi.dll
0x0000000064100000 - 0x0000000064103000 	C:\Windows\system32\icmp.Dll
0x000007fefb510000 - 0x000007fefb537000 	C:\Windows\system32\iphlpapi.DLL
0x000007fefb500000 - 0x000007fefb50b000 	C:\Windows\system32\WINNSI.DLL
0x000007fefd2e0000 - 0x000007fefd305000 	C:\Windows\system32\SspiCli.dll
0x000007fefaee0000 - 0x000007fefaef5000 	C:\Windows\system32\NLAapi.dll
0x000007fef87e0000 - 0x000007fef87f5000 	C:\Windows\system32\napinsp.dll
0x000007fef8800000 - 0x000007fef8819000 	C:\Windows\system32\pnrpnsp.dll
0x000007fefcd30000 - 0x000007fefcd85000 	C:\Windows\System32\mswsock.dll
0x000007fefcae0000 - 0x000007fefcb3b000 	C:\Windows\system32\DNSAPI.dll
0x000007fef87c0000 - 0x000007fef87cb000 	C:\Windows\System32\winrnr.dll
0x0000000072300000 - 0x0000000072326000 	C:\Program Files\Bonjour\mdnsNSP.dll
0x000007fef87b0000 - 0x000007fef87c0000 	C:\Windows\system32\wshbth.dll

VM Arguments:
jvm_args: -Xss512k -XX:PermSize=32m -Xms64m -XX:NewRatio=3 -XX:MaxPermSize=128m -Xmx196m -XX:MaxDirectMemorySize=2147400000 -Dsun.java2d.noddraw=true -Dsun.awt.nopixfmt=true -Xshare:off -Xrs -Dsun.awt.disableMixing=true -Djava.library.path=C:\Program Files\MATLAB\R2012a\bin\win64 vfprintf abort 
java_command: <unknown>
Launcher Type: generic

Environment Variables:
PATH=F:\gstreamer-sdk\0.10\x86_64\bin;C:\Program Files (x86)\CollabNet\Subversion Client;C:\Program Files (x86)\Embarcadero\RAD Studio\8.0\bin;C:\Users\Public\Documents\RAD Studio\8.0\Bpl;C:\Windows\system32;C:\Windows;C:\Windows\System32\Wbem;C:\Windows\System32\WindowsPowerShell\v1.0\;C:\Program Files\MATLAB\R2012a\runtime\win64;C:\Program Files\MATLAB\R2012a\bin;C:\Program Files\TortoiseHg\;C:\Program Files (x86)\Microsoft SQL Server\90\Tools\binn\;C:\Program Files (x86)\PsychoPy2\DLLs;C:\Program Files\SlikSvn\bin;C:\Panda3d-1.8.0\python;C:\Program Files\Git\cmd;C:\Windows\system32\config\systemprofile\.dnx\bin;C:\Program Files\Microsoft DNX\Dnvm\;C:\Program Files (x86)\CollabNet\Subversion Client;C:\Program Files (x86)\Embarcadero\RAD Studio\8.0\bin;C:\Users\Public\Documents\RAD Studio\8.0\Bpl;C:\Windows\system32;C:\Windows;C:\Windows\System32\Wbem;C:\Windows\System32\WindowsPowerShell\v1.0\;C:\Program Files\MATLAB\R2012a\runtime\win64;C:\Program Files\MATLAB\R2012a\bin;C:\Program Files\TortoiseHg\;C:\Program Files (x86)\Microsoft SQL Server\90\Tools\binn\;C:\Program Files (x86)\PsychoPy2\DLLs;C:\Program Files\SlikSvn\bin;C:\DEVEL\Panda3d-1.8.0-x64-LSL\python;C:\Panda3D-1.8.0\python;C:\Panda3D-1.8.0\bin;C:\Program Files (x86)\PsychoPy2;E:\Program Files\SR Research\EyeLink\libs;E:\Program Files\SR Research\EyeLink\bin;C:\Panda3d-1.8.0-x64-LSL\python
USERNAME=mobi
OS=Windows_NT
PROCESSOR_IDENTIFIER=Intel64 Family 6 Model 26 Stepping 5, GenuineIntel



---------------  S Y S T E M  ---------------

OS: Windows 7 Build 7601 Service Pack 1

CPU:total 4 (8 cores per cpu, 2 threads per core) family 6 model 26 stepping 5, cmov, cx8, fxsr, mmx, sse, sse2, sse3, ssse3, sse4.1, sse4.2, ht

Memory: 4k page, physical 25156728k(20463144k free), swap 50311596k(45421568k free)

vm_info: Java HotSpot(TM) 64-Bit Server VM (14.3-b01) for windows-amd64 JRE (1.6.0_17-b04), built on Oct 11 2009 00:46:08 by "java_re" with MS VC++ 8.0

time: Thu Aug 04 16:03:13 2016
elapsed time: 1227599 seconds

